TN:
SF:/Users/micosmin/Desktop/Makers/Projects/week6/makersbnb/lib/jasmine-3.4.0/boot.js
FN:11,(anonymous_0)
FN:49,(anonymous_1)
FN:77,(anonymous_2)
FN:78,(anonymous_3)
FN:79,(anonymous_4)
FN:80,(anonymous_5)
FN:81,(anonymous_6)
FN:96,(anonymous_7)
FN:99,(anonymous_8)
FN:120,(anonymous_9)
FN:131,extend
FNF:11
FNH:0
FNDA:0,(anonymous_0)
FNDA:0,(anonymous_1)
FNDA:0,(anonymous_2)
FNDA:0,(anonymous_3)
FNDA:0,(anonymous_4)
FNDA:0,(anonymous_5)
FNDA:0,(anonymous_6)
FNDA:0,(anonymous_7)
FNDA:0,(anonymous_8)
FNDA:0,(anonymous_9)
FNDA:0,extend
DA:11,0
DA:18,0
DA:23,0
DA:28,0
DA:35,0
DA:40,0
DA:48,0
DA:49,0
DA:52,0
DA:54,0
DA:60,0
DA:62,0
DA:63,0
DA:66,0
DA:67,0
DA:68,0
DA:75,0
DA:77,0
DA:78,0
DA:79,0
DA:80,0
DA:81,0
DA:89,0
DA:90,0
DA:95,0
DA:96,0
DA:99,0
DA:100,0
DA:103,0
DA:108,0
DA:109,0
DA:110,0
DA:111,0
DA:118,0
DA:120,0
DA:121,0
DA:122,0
DA:124,0
DA:125,0
DA:132,0
DA:133,0
LF:41
LH:0
BRDA:62,0,0,0
BRDA:62,0,1,0
BRDA:62,1,0,0
BRDA:62,1,1,0
BRDA:67,2,0,0
BRDA:67,2,1,0
BRDA:121,3,0,0
BRDA:121,3,1,0
BRF:8
BRH:0
end_of_record
TN:
SF:/Users/micosmin/Desktop/Makers/Projects/week6/makersbnb/lib/jasmine-3.4.0/jasmine-html.js
FN:23,(anonymous_0)
FN:30,(anonymous_1)
FN:31,ResultsStateBuilder
FN:39,(anonymous_3)
FN:44,(anonymous_4)
FN:55,(anonymous_5)
FN:58,(anonymous_6)
FN:76,HtmlReporter
FN:77,(anonymous_8)
FN:81,(anonymous_9)
FN:89,(anonymous_10)
FN:106,(anonymous_11)
FN:115,(anonymous_12)
FN:119,(anonymous_13)
FN:128,(anonymous_14)
FN:133,(anonymous_15)
FN:158,(anonymous_16)
FN:162,(anonymous_17)
FN:169,(anonymous_18)
FN:223,globalFailureMessage
FN:260,(anonymous_20)
FN:263,(anonymous_21)
FN:278,failureDom
FN:295,summaryList
FN:336,optionsMenu
FN:373,(anonymous_25)
FN:379,(anonymous_26)
FN:385,(anonymous_27)
FN:391,(anonymous_28)
FN:399,(anonymous_29)
FN:410,failureDescription
FN:427,suiteHref
FN:438,addDeprecationWarnings
FN:449,find
FN:453,clearPrior
FN:462,createDom
FN:488,pluralize
FN:494,specHref
FN:498,seedHref
FN:502,defaultQueryString
FN:506,setMenuModeTo
FN:510,noExpectations
FN:515,hasActiveSpec
FN:533,(anonymous_43)
FN:534,HtmlSpecFilter
FN:538,(anonymous_45)
FN:546,(anonymous_46)
FN:547,ResultsNode
FN:554,(anonymous_48)
FN:558,(anonymous_49)
FN:562,(anonymous_50)
FN:570,(anonymous_51)
FN:571,QueryString
FN:573,(anonymous_53)
FN:577,(anonymous_54)
FN:583,(anonymous_55)
FN:589,toQueryString
FN:597,queryStringToParamMap
FNF:58
FNH:0
FNDA:0,(anonymous_0)
FNDA:0,(anonymous_1)
FNDA:0,ResultsStateBuilder
FNDA:0,(anonymous_3)
FNDA:0,(anonymous_4)
FNDA:0,(anonymous_5)
FNDA:0,(anonymous_6)
FNDA:0,HtmlReporter
FNDA:0,(anonymous_8)
FNDA:0,(anonymous_9)
FNDA:0,(anonymous_10)
FNDA:0,(anonymous_11)
FNDA:0,(anonymous_12)
FNDA:0,(anonymous_13)
FNDA:0,(anonymous_14)
FNDA:0,(anonymous_15)
FNDA:0,(anonymous_16)
FNDA:0,(anonymous_17)
FNDA:0,(anonymous_18)
FNDA:0,globalFailureMessage
FNDA:0,(anonymous_20)
FNDA:0,(anonymous_21)
FNDA:0,failureDom
FNDA:0,summaryList
FNDA:0,optionsMenu
FNDA:0,(anonymous_25)
FNDA:0,(anonymous_26)
FNDA:0,(anonymous_27)
FNDA:0,(anonymous_28)
FNDA:0,(anonymous_29)
FNDA:0,failureDescription
FNDA:0,suiteHref
FNDA:0,addDeprecationWarnings
FNDA:0,find
FNDA:0,clearPrior
FNDA:0,createDom
FNDA:0,pluralize
FNDA:0,specHref
FNDA:0,seedHref
FNDA:0,defaultQueryString
FNDA:0,setMenuModeTo
FNDA:0,noExpectations
FNDA:0,hasActiveSpec
FNDA:0,(anonymous_43)
FNDA:0,HtmlSpecFilter
FNDA:0,(anonymous_45)
FNDA:0,(anonymous_46)
FNDA:0,ResultsNode
FNDA:0,(anonymous_48)
FNDA:0,(anonymous_49)
FNDA:0,(anonymous_50)
FNDA:0,(anonymous_51)
FNDA:0,QueryString
FNDA:0,(anonymous_53)
FNDA:0,(anonymous_54)
FNDA:0,(anonymous_55)
FNDA:0,toQueryString
FNDA:0,queryStringToParamMap
DA:23,0
DA:24,0
DA:25,0
DA:26,0
DA:27,0
DA:30,0
DA:32,0
DA:33,0
DA:34,0
DA:35,0
DA:36,0
DA:39,0
DA:40,0
DA:41,0
DA:44,0
DA:45,0
DA:46,0
DA:47,0
DA:50,0
DA:51,0
DA:55,0
DA:58,0
DA:59,0
DA:61,0
DA:62,0
DA:65,0
DA:66,0
DA:69,0
DA:70,0
DA:77,0
DA:78,0
DA:79,0
DA:80,0
DA:81,0
DA:82,0
DA:83,0
DA:84,0
DA:87,0
DA:89,0
DA:90,0
DA:91,0
DA:102,0
DA:106,0
DA:107,0
DA:108,0
DA:111,0
DA:113,0
DA:115,0
DA:116,0
DA:119,0
DA:120,0
DA:122,0
DA:123,0
DA:125,0
DA:128,0
DA:129,0
DA:132,0
DA:133,0
DA:134,0
DA:136,0
DA:137,0
DA:140,0
DA:141,0
DA:144,0
DA:151,0
DA:152,0
DA:155,0
DA:158,0
DA:159,0
DA:162,0
DA:163,0
DA:164,0
DA:166,0
DA:169,0
DA:170,0
DA:171,0
DA:172,0
DA:174,0
DA:176,0
DA:178,0
DA:179,0
DA:180,0
DA:181,0
DA:187,0
DA:188,0
DA:189,0
DA:190,0
DA:192,0
DA:193,0
DA:194,0
DA:197,0
DA:198,0
DA:199,0
DA:200,0
DA:201,0
DA:203,0
DA:207,0
DA:208,0
DA:214,0
DA:216,0
DA:217,0
DA:219,0
DA:220,0
DA:224,0
DA:225,0
DA:227,0
DA:228,0
DA:230,0
DA:233,0
DA:237,0
DA:239,0
DA:240,0
DA:241,0
DA:242,0
DA:245,0
DA:246,0
DA:248,0
DA:250,0
DA:251,0
DA:255,0
DA:260,0
DA:261,0
DA:263,0
DA:264,0
DA:267,0
DA:269,0
DA:270,0
DA:271,0
DA:276,0
DA:280,0
DA:284,0
DA:286,0
DA:287,0
DA:288,0
DA:289,0
DA:292,0
DA:297,0
DA:298,0
DA:299,0
DA:300,0
DA:302,0
DA:303,0
DA:309,0
DA:310,0
DA:312,0
DA:313,0
DA:314,0
DA:315,0
DA:317,0
DA:318,0
DA:319,0
DA:321,0
DA:322,0
DA:324,0
DA:337,0
DA:371,0
DA:372,0
DA:373,0
DA:374,0
DA:377,0
DA:378,0
DA:379,0
DA:380,0
DA:383,0
DA:384,0
DA:385,0
DA:386,0
DA:389,0
DA:390,0
DA:391,0
DA:392,0
DA:395,0
DA:396,0
DA:397,0
DA:399,0
DA:400,0
DA:401,0
DA:403,0
DA:407,0
DA:411,0
DA:416,0
DA:417,0
DA:418,0
DA:419,0
DA:421,0
DA:424,0
DA:428,0
DA:430,0
DA:431,0
DA:432,0
DA:435,0
DA:439,0
DA:440,0
DA:441,0
DA:442,0
DA:443,0
DA:450,0
DA:455,0
DA:457,0
DA:458,0
DA:463,0
DA:465,0
DA:466,0
DA:468,0
DA:469,0
DA:471,0
DA:472,0
DA:477,0
DA:478,0
DA:479,0
DA:481,0
DA:485,0
DA:489,0
DA:491,0
DA:495,0
DA:499,0
DA:503,0
DA:507,0
DA:511,0
DA:516,0
DA:517,0
DA:520,0
DA:521,0
DA:522,0
DA:523,0
DA:530,0
DA:533,0
DA:535,0
DA:536,0
DA:538,0
DA:539,0
DA:543,0
DA:546,0
DA:548,0
DA:549,0
DA:550,0
DA:552,0
DA:554,0
DA:555,0
DA:558,0
DA:559,0
DA:562,0
DA:563,0
DA:567,0
DA:570,0
DA:573,0
DA:574,0
DA:577,0
DA:578,0
DA:579,0
DA:580,0
DA:583,0
DA:584,0
DA:587,0
DA:590,0
DA:591,0
DA:592,0
DA:594,0
DA:598,0
DA:599,0
DA:600,0
DA:602,0
DA:603,0
DA:604,0
DA:605,0
DA:606,0
DA:607,0
DA:608,0
DA:610,0
DA:614,0
DA:619,0
LF:271
LH:0
BRDA:46,0,0,0
BRDA:46,0,1,0
BRDA:50,1,0,0
BRDA:50,1,1,0
BRDA:61,2,0,0
BRDA:61,2,1,0
BRDA:65,3,0,0
BRDA:65,3,1,0
BRDA:69,4,0,0
BRDA:69,4,1,0
BRDA:77,5,0,0
BRDA:77,5,1,0
BRDA:77,5,2,0
BRDA:81,6,0,0
BRDA:81,6,1,0
BRDA:82,7,0,0
BRDA:82,7,1,0
BRDA:84,8,0,0
BRDA:84,8,1,0
BRDA:107,9,0,0
BRDA:107,9,1,0
BRDA:122,10,0,0
BRDA:122,10,1,0
BRDA:136,11,0,0
BRDA:136,11,1,0
BRDA:136,12,0,0
BRDA:136,12,1,0
BRDA:136,12,2,0
BRDA:140,13,0,0
BRDA:140,13,1,0
BRDA:151,14,0,0
BRDA:151,14,1,0
BRDA:159,15,0,0
BRDA:159,15,1,0
BRDA:163,16,0,0
BRDA:163,16,1,0
BRDA:164,17,0,0
BRDA:164,17,1,0
BRDA:172,18,0,0
BRDA:172,18,1,0
BRDA:178,19,0,0
BRDA:178,19,1,0
BRDA:189,20,0,0
BRDA:189,20,1,0
BRDA:189,20,2,0
BRDA:192,21,0,0
BRDA:192,21,1,0
BRDA:192,22,0,0
BRDA:192,22,1,0
BRDA:194,23,0,0
BRDA:194,23,1,0
BRDA:197,24,0,0
BRDA:197,24,1,0
BRDA:199,25,0,0
BRDA:199,25,1,0
BRDA:207,26,0,0
BRDA:207,26,1,0
BRDA:207,27,0,0
BRDA:207,27,1,0
BRDA:224,28,0,0
BRDA:224,28,1,0
BRDA:227,29,0,0
BRDA:227,29,1,0
BRDA:250,30,0,0
BRDA:250,30,1,0
BRDA:299,31,0,0
BRDA:299,31,1,0
BRDA:299,32,0,0
BRDA:299,32,1,0
BRDA:302,33,0,0
BRDA:302,33,1,0
BRDA:312,34,0,0
BRDA:312,34,1,0
BRDA:313,35,0,0
BRDA:313,35,1,0
BRDA:318,36,0,0
BRDA:318,36,1,0
BRDA:321,37,0,0
BRDA:321,37,1,0
BRDA:321,38,0,0
BRDA:321,38,1,0
BRDA:400,39,0,0
BRDA:400,39,1,0
BRDA:416,40,0,0
BRDA:416,40,1,0
BRDA:430,41,0,0
BRDA:430,41,1,0
BRDA:439,42,0,0
BRDA:439,42,1,0
BRDA:439,43,0,0
BRDA:439,43,1,0
BRDA:442,44,0,0
BRDA:442,44,1,0
BRDA:457,45,0,0
BRDA:457,45,1,0
BRDA:468,46,0,0
BRDA:468,46,1,0
BRDA:471,47,0,0
BRDA:471,47,1,0
BRDA:478,48,0,0
BRDA:478,48,1,0
BRDA:489,49,0,0
BRDA:489,49,1,0
BRDA:511,50,0,0
BRDA:511,50,1,0
BRDA:516,51,0,0
BRDA:516,51,1,0
BRDA:516,52,0,0
BRDA:516,52,1,0
BRDA:520,53,0,0
BRDA:520,53,1,0
BRDA:522,54,0,0
BRDA:522,54,1,0
BRDA:535,55,0,0
BRDA:535,55,1,0
BRDA:535,55,2,0
BRDA:602,56,0,0
BRDA:602,56,1,0
BRDA:607,57,0,0
BRDA:607,57,1,0
BRDA:607,58,0,0
BRDA:607,58,1,0
BRF:122
BRH:0
end_of_record
TN:
SF:/Users/micosmin/Desktop/Makers/Projects/week6/makersbnb/lib/jasmine-3.4.0/jasmine.js
FN:23,(anonymous_0)
FN:41,getJasmineRequire
FN:45,(anonymous_2)
FN:106,(anonymous_3)
FN:145,(anonymous_4)
FN:146,(anonymous_5)
FN:175,(anonymous_6)
FN:186,(anonymous_7)
FN:192,(anonymous_8)
FN:196,(anonymous_9)
FN:200,(anonymous_10)
FN:204,(anonymous_11)
FN:208,(anonymous_12)
FN:212,(anonymous_13)
FN:216,(anonymous_14)
FN:228,(anonymous_15)
FN:232,(anonymous_16)
FN:249,(anonymous_17)
FN:253,(anonymous_18)
FN:264,(anonymous_19)
FN:268,(anonymous_20)
FN:272,(anonymous_21)
FN:276,(anonymous_22)
FN:280,(anonymous_23)
FN:298,(anonymous_24)
FN:308,(anonymous_25)
FN:318,(anonymous_26)
FN:326,(anonymous_27)
FN:334,(anonymous_28)
FN:342,(anonymous_29)
FN:351,(anonymous_30)
FN:362,(anonymous_31)
FN:373,(anonymous_32)
FN:384,(anonymous_33)
FN:388,(anonymous_34)
FN:397,(anonymous_35)
FN:401,(anonymous_36)
FN:402,(anonymous_37)
FN:408,(anonymous_38)
FN:417,(anonymous_39)
FN:425,(anonymous_40)
FN:429,(anonymous_41)
FN:439,(anonymous_42)
FN:454,(anonymous_43)
FN:471,(anonymous_44)
FN:483,(anonymous_45)
FN:495,(anonymous_46)
FN:499,anyMatch
FN:511,errorWithStack
FN:528,callerFile
FN:533,(anonymous_50)
FN:536,(anonymous_51)
FN:550,(anonymous_52)
FN:551,Spec
FN:554,(anonymous_54)
FN:558,(anonymous_55)
FN:559,(anonymous_56)
FN:560,(anonymous_57)
FN:561,(anonymous_58)
FN:562,(anonymous_59)
FN:563,(anonymous_60)
FN:564,(anonymous_61)
FN:596,(anonymous_62)
FN:609,(anonymous_63)
FN:613,(anonymous_64)
FN:617,(anonymous_65)
FN:621,(anonymous_66)
FN:628,(anonymous_67)
FN:642,(anonymous_68)
FN:645,(anonymous_69)
FN:663,onException
FN:682,(anonymous_71)
FN:689,(anonymous_72)
FN:694,(anonymous_73)
FN:710,(anonymous_74)
FN:714,(anonymous_75)
FN:721,(anonymous_76)
FN:731,(anonymous_77)
FN:745,(anonymous_78)
FN:746,Order
FN:751,naturalOrder
FN:755,randomOrder
FN:757,(anonymous_82)
FN:763,generateSeed
FN:772,jenkinsHash
FN:790,(anonymous_85)
FN:797,Env
FN:808,(anonymous_87)
FN:858,(anonymous_88)
FN:871,(anonymous_89)
FN:875,(anonymous_90)
FN:881,(anonymous_91)
FN:892,(anonymous_92)
FN:910,(anonymous_93)
FN:942,(anonymous_94)
FN:951,(anonymous_95)
FN:955,(anonymous_96)
FN:961,(anonymous_97)
FN:968,(anonymous_98)
FN:975,(anonymous_99)
FN:989,(anonymous_100)
FN:994,(anonymous_101)
FN:998,(anonymous_102)
FN:1007,addExpectationResult
FN:1012,(anonymous_104)
FN:1020,addExpectationResult
FN:1025,(anonymous_106)
FN:1036,(anonymous_107)
FN:1041,(anonymous_108)
FN:1042,(anonymous_109)
FN:1060,(anonymous_110)
FN:1073,(anonymous_111)
FN:1091,(anonymous_112)
FN:1096,(anonymous_113)
FN:1108,(anonymous_114)
FN:1113,(anonymous_115)
FN:1125,(anonymous_116)
FN:1130,(anonymous_117)
FN:1142,(anonymous_118)
FN:1150,(anonymous_119)
FN:1159,(anonymous_120)
FN:1164,(anonymous_121)
FN:1172,(anonymous_122)
FN:1184,(anonymous_123)
FN:1203,(anonymous_124)
FN:1279,(anonymous_125)
FN:1300,(anonymous_126)
FN:1306,(anonymous_127)
FN:1320,(anonymous_128)
FN:1323,(anonymous_129)
FN:1341,(anonymous_130)
FN:1344,(anonymous_131)
FN:1376,(anonymous_132)
FN:1388,(anonymous_133)
FN:1399,(anonymous_134)
FN:1408,(anonymous_135)
FN:1412,(anonymous_136)
FN:1423,(anonymous_137)
FN:1429,(anonymous_138)
FN:1434,(anonymous_139)
FN:1438,(anonymous_140)
FN:1442,(anonymous_141)
FN:1446,(anonymous_142)
FN:1450,(anonymous_143)
FN:1459,(anonymous_144)
FN:1463,(anonymous_145)
FN:1469,(anonymous_146)
FN:1475,ensureIsNotNested
FN:1482,(anonymous_148)
FN:1497,(anonymous_149)
FN:1511,(anonymous_150)
FN:1522,(anonymous_151)
FN:1535,addSpecsToSuite
FN:1554,findFocusedAncestor
FN:1565,unfocusAncestor
FN:1577,(anonymous_155)
FN:1585,(anonymous_156)
FN:1592,(anonymous_157)
FN:1602,specResultCallback
FN:1613,specStarted
FN:1620,(anonymous_160)
FN:1635,(anonymous_161)
FN:1647,(anonymous_162)
FN:1657,(anonymous_163)
FN:1665,(anonymous_164)
FN:1673,(anonymous_165)
FN:1682,(anonymous_166)
FN:1691,(anonymous_167)
FN:1701,(anonymous_168)
FN:1710,(anonymous_169)
FN:1718,(anonymous_170)
FN:1754,(anonymous_171)
FN:1761,JsApiReporter
FN:1769,(anonymous_173)
FN:1777,(anonymous_174)
FN:1790,(anonymous_175)
FN:1797,(anonymous_176)
FN:1801,(anonymous_177)
FN:1815,(anonymous_178)
FN:1819,storeSuite
FN:1830,(anonymous_180)
FN:1836,(anonymous_181)
FN:1850,(anonymous_182)
FN:1860,(anonymous_183)
FN:1870,(anonymous_184)
FN:1879,(anonymous_185)
FN:1881,Any
FN:1891,(anonymous_187)
FN:1922,(anonymous_188)
FN:1929,(anonymous_189)
FN:1931,Anything
FN:1933,(anonymous_191)
FN:1937,(anonymous_192)
FN:1944,(anonymous_193)
FN:1945,ArrayContaining
FN:1949,(anonymous_195)
FN:1964,(anonymous_196)
FN:1971,(anonymous_197)
FN:1973,ArrayWithExactContents
FN:1977,(anonymous_199)
FN:1996,(anonymous_200)
FN:2003,(anonymous_201)
FN:2005,Empty
FN:2007,(anonymous_203)
FN:2022,(anonymous_204)
FN:2029,(anonymous_205)
FN:2031,Falsy
FN:2033,(anonymous_207)
FN:2037,(anonymous_208)
FN:2044,(anonymous_209)
FN:2046,NotEmpty
FN:2048,(anonymous_211)
FN:2064,(anonymous_212)
FN:2071,(anonymous_213)
FN:2073,ObjectContaining
FN:2077,getPrototype
FN:2089,hasProperty
FN:2101,(anonymous_217)
FN:2114,(anonymous_218)
FN:2121,(anonymous_219)
FN:2123,StringMatching
FN:2131,(anonymous_221)
FN:2135,(anonymous_222)
FN:2142,(anonymous_223)
FN:2144,Truthy
FN:2146,(anonymous_225)
FN:2150,(anonymous_226)
FN:2157,(anonymous_227)
FN:2162,CallTracker
FN:2166,(anonymous_229)
FN:2179,(anonymous_230)
FN:2189,(anonymous_231)
FN:2200,(anonymous_232)
FN:2211,(anonymous_233)
FN:2221,(anonymous_234)
FN:2236,(anonymous_235)
FN:2246,(anonymous_236)
FN:2255,(anonymous_237)
FN:2264,(anonymous_238)
FN:2273,(anonymous_239)
FN:2276,messageChannelImpl
FN:2282,(anonymous_241)
FN:2300,clearStack
FN:2313,getClearStack
FN:2316,clearStack
FN:2322,(anonymous_245)
FN:2343,(anonymous_246)
FN:2353,Clock
FN:2379,(anonymous_248)
FN:2396,(anonymous_249)
FN:2413,(anonymous_250)
FN:2428,(anonymous_251)
FN:2432,(anonymous_252)
FN:2436,(anonymous_253)
FN:2440,(anonymous_254)
FN:2444,(anonymous_255)
FN:2454,(anonymous_256)
FN:2456,(anonymous_257)
FN:2464,originalTimingFunctionsIntact
FN:2471,replace
FN:2477,setTimeout
FN:2489,clearTimeout
FN:2493,setInterval
FN:2505,clearInterval
FN:2509,argSlice
FN:2517,FakeTimeout
FN:2519,(anonymous_266)
FN:2523,(anonymous_267)
FN:2530,(anonymous_268)
FN:2531,DelayedFunctionScheduler
FN:2539,(anonymous_270)
FN:2547,(anonymous_271)
FN:2551,(anonymous_272)
FN:2575,(anonymous_273)
FN:2583,(anonymous_274)
FN:2588,(anonymous_275)
FN:2609,indexOfFirstToPass
FN:2622,deleteFromLookup
FN:2624,(anonymous_278)
FN:2633,reschedule
FN:2642,forEachFunction
FN:2648,runScheduledFunctions
FN:2649,(anonymous_282)
FN:2666,(anonymous_283)
FN:2672,(anonymous_284)
FN:2696,(anonymous_285)
FN:2697,ExpectationFailed
FN:2706,(anonymous_287)
FN:2710,ExceptionFormatter
FN:2712,(anonymous_289)
FN:2736,(anonymous_290)
FN:2755,filterJasmine
FN:2759,(anonymous_292)
FN:2770,formatProperties
FN:2797,(anonymous_294)
FN:2799,(anonymous_295)
FN:2806,Expectation
FN:2822,withContext
FN:2835,(anonymous_298)
FN:2844,AsyncExpectation
FN:2864,withContext
FN:2879,(anonymous_301)
FN:2884,wrapSyncCompare
FN:2885,(anonymous_303)
FN:2891,wrapAsyncCompare
FN:2892,(anonymous_305)
FN:2899,(anonymous_306)
FN:2905,addCoreMatchers
FN:2912,addFilter
FN:2918,negatedFailureMessage
FN:2933,negate
FN:2939,(anonymous_311)
FN:2940,defaultNegativeCompare
FN:2950,(anonymous_313)
FN:2951,defaultNegativeCompare
FN:2960,ContextAddingFilter
FN:2964,(anonymous_316)
FN:2969,(anonymous_317)
FN:2972,(anonymous_318)
FN:2975,(anonymous_319)
FN:2978,(anonymous_320)
FN:2984,(anonymous_321)
FN:2985,ExpectationFilterChain
FN:2990,(anonymous_323)
FN:2994,(anonymous_324)
FN:2998,(anonymous_325)
FN:3002,(anonymous_326)
FN:3007,(anonymous_327)
FN:3032,(anonymous_328)
FN:3033,buildExpectationResult
FN:3034,(anonymous_330)
FN:3035,(anonymous_331)
FN:3060,message
FN:3071,stack
FN:3097,(anonymous_334)
FN:3098,Expector
FN:3099,(anonymous_336)
FN:3102,(anonymous_337)
FN:3106,(anonymous_338)
FN:3118,(anonymous_339)
FN:3128,defaultMessage
FN:3142,(anonymous_341)
FN:3147,(anonymous_342)
FN:3153,(anonymous_343)
FN:3178,(anonymous_344)
FN:3179,generateErrorMsg
FN:3182,errorMsg
FN:3190,(anonymous_347)
FN:3191,GlobalErrors
FN:3195,onerror
FN:3207,installOne_
FN:3208,taggedOnError
FN:3226,uninstall
FN:3240,install
FN:3248,uninstall
FN:3254,pushListener
FN:3258,popListener
FN:3266,(anonymous_357)
FN:3277,toBeResolved
FN:3279,(anonymous_359)
FN:3281,(anonymous_360)
FN:3282,(anonymous_361)
FN:3289,(anonymous_362)
FN:3301,toBeRejectedWith
FN:3303,(anonymous_364)
FN:3304,prefix
FN:3311,(anonymous_366)
FN:3317,(anonymous_367)
FN:3336,(anonymous_368)
FN:3347,toBeResolved
FN:3349,(anonymous_370)
FN:3351,(anonymous_371)
FN:3352,(anonymous_372)
FN:3359,(anonymous_373)
FN:3371,toBeResolvedTo
FN:3373,(anonymous_375)
FN:3374,prefix
FN:3381,(anonymous_377)
FN:3394,(anonymous_378)
FN:3406,(anonymous_379)
FN:3407,DiffBuilder
FN:3412,(anonymous_381)
FN:3417,(anonymous_382)
FN:3421,(anonymous_383)
FN:3429,defaultFormatter
FN:3440,(anonymous_385)
FN:3446,(anonymous_386)
FN:3467,(anonymous_387)
FN:3473,(anonymous_388)
FN:3493,isAsymmetric
FN:3497,asymmetricMatch
FN:3523,equals
FN:3532,eq
FN:3659,(anonymous_393)
FN:3668,(anonymous_394)
FN:3688,(anonymous_395)
FN:3691,(anonymous_396)
FN:3734,(anonymous_397)
FN:3738,(anonymous_398)
FN:3811,(anonymous_399)
FN:3829,keys
FN:3831,(anonymous_401)
FN:3859,has
FN:3863,isFunction
FN:3867,objectKeysAreDifferentFormatter
FN:3889,constructorsAreDifferentFormatter
FN:3900,actualArrayIsLongerFormatter
FN:3907,formatKeyValuePairs
FN:3916,(anonymous_408)
FN:3924,nothing
FN:3926,(anonymous_410)
FN:3937,(anonymous_411)
FN:3938,(anonymous_412)
FN:3940,(anonymous_413)
FN:3943,(anonymous_414)
FN:3948,(anonymous_415)
FN:3949,ObjectPath
FN:3953,(anonymous_417)
FN:3961,(anonymous_418)
FN:3965,(anonymous_419)
FN:3969,formatPropertyAccess
FN:3981,map
FN:3989,isValidIdentifier
FN:3996,(anonymous_423)
FN:4013,(anonymous_424)
FN:4022,toBe
FN:4026,(anonymous_426)
FN:4043,(anonymous_427)
FN:4053,toBeCloseTo
FN:4055,(anonymous_429)
FN:4080,(anonymous_430)
FN:4088,toBeDefined
FN:4090,(anonymous_432)
FN:4101,(anonymous_433)
FN:4109,toBeFalsy
FN:4111,(anonymous_435)
FN:4122,(anonymous_436)
FN:4131,toBeGreaterThan
FN:4133,(anonymous_438)
FN:4145,(anonymous_439)
FN:4154,toBeGreaterThanOrEqual
FN:4156,(anonymous_441)
FN:4167,(anonymous_442)
FN:4176,toBeLessThan
FN:4179,(anonymous_444)
FN:4190,(anonymous_445)
FN:4199,toBeLessThanOrEqual
FN:4202,(anonymous_447)
FN:4213,(anonymous_448)
FN:4221,toBeNaN
FN:4223,(anonymous_450)
FN:4231,(anonymous_451)
FN:4242,(anonymous_452)
FN:4250,toBeNegativeInfinity
FN:4252,(anonymous_454)
FN:4260,(anonymous_455)
FN:4271,(anonymous_456)
FN:4279,toBeNull
FN:4281,(anonymous_458)
FN:4292,(anonymous_459)
FN:4300,toBePositiveInfinity
FN:4302,(anonymous_461)
FN:4310,(anonymous_462)
FN:4321,(anonymous_463)
FN:4329,toBeTruthy
FN:4331,(anonymous_465)
FN:4342,(anonymous_466)
FN:4350,toBeUndefined
FN:4352,(anonymous_468)
FN:4363,(anonymous_469)
FN:4373,toContain
FN:4377,(anonymous_471)
FN:4389,(anonymous_472)
FN:4398,toEqual
FN:4402,(anonymous_474)
FN:4421,(anonymous_475)
FN:4433,toHaveBeenCalled
FN:4435,(anonymous_477)
FN:4460,(anonymous_478)
FN:4472,toHaveBeenCalledBefore
FN:4474,(anonymous_480)
FN:4521,(anonymous_481)
FN:4533,toHaveBeenCalledTimes
FN:4535,(anonymous_483)
FN:4562,(anonymous_484)
FN:4574,toHaveBeenCalledWith
FN:4576,(anonymous_486)
FN:4587,(anonymous_487)
FN:4593,(anonymous_488)
FN:4595,(anonymous_489)
FN:4606,(anonymous_490)
FN:4617,toHaveClass
FN:4619,(anonymous_492)
FN:4631,isElement
FN:4640,(anonymous_494)
FN:4653,toMatch
FN:4655,(anonymous_496)
FN:4672,(anonymous_497)
FN:4685,toThrow
FN:4687,(anonymous_499)
FN:4710,(anonymous_500)
FN:4717,(anonymous_501)
FN:4719,(anonymous_502)
FN:4730,(anonymous_503)
FN:4747,toThrowError
FN:4749,(anonymous_505)
FN:4765,(anonymous_506)
FN:4772,getMatcher
FN:4796,anyMatcher
FN:4798,(anonymous_509)
FN:4804,exactMatcher
FN:4813,messageMatch
FN:4823,thrownDescription
FN:4834,messageDescription
FN:4844,matches
FN:4850,(anonymous_515)
FN:4852,(anonymous_516)
FN:4856,(anonymous_517)
FN:4865,isStringOrRegExp
FN:4869,isAnErrorType
FN:4874,(anonymous_520)
FN:4880,pass
FN:4887,fail
FN:4897,(anonymous_523)
FN:4908,toThrowMatching
FN:4910,(anonymous_525)
FN:4931,(anonymous_526)
FN:4940,thrownDescription
FN:4949,pass
FN:4956,fail
FN:4966,(anonymous_530)
FN:4967,MockDate
FN:4972,(anonymous_532)
FN:4973,(anonymous_533)
FN:4974,(anonymous_534)
FN:4980,(anonymous_535)
FN:4990,(anonymous_536)
FN:4995,(anonymous_537)
FN:5004,FakeDate
FN:5028,createDateProperties
FN:5031,(anonymous_540)
FN:5049,(anonymous_541)
FN:5051,PrettyPrinter
FN:5058,hasCustomToString
FN:5064,(anonymous_544)
FN:5123,(anonymous_545)
FN:5125,isGetter
FN:5128,isGetter
FN:5143,(anonymous_548)
FN:5147,(anonymous_549)
FN:5151,(anonymous_550)
FN:5170,(anonymous_551)
FN:5185,(anonymous_552)
FN:5193,(anonymous_553)
FN:5210,(anonymous_554)
FN:5218,(anonymous_555)
FN:5235,(anonymous_556)
FN:5253,(anonymous_557)
FN:5268,(anonymous_558)
FN:5280,(anonymous_559)
FN:5306,(anonymous_560)
FN:5316,(anonymous_561)
FN:5327,truncate
FN:5336,MaxCharsReachedError
FN:5343,keys
FN:5345,(anonymous_565)
FN:5372,(anonymous_566)
FN:5379,(anonymous_567)
FN:5380,StopExecutionError
FN:5384,once
FN:5386,(anonymous_570)
FN:5396,emptyFn
FN:5398,QueueRunner
FN:5403,(anonymous_573)
FN:5418,(anonymous_574)
FN:5420,(anonymous_575)
FN:5427,(anonymous_576)
FN:5435,(anonymous_577)
FN:5439,(anonymous_578)
FN:5443,attempt
FN:5445,handleError
FN:5449,cleanup
FN:5455,next
FN:5465,runNext
FN:5483,nextFail
FN:5493,(anonymous_585)
FN:5525,onException
FN:5530,onPromiseRejection
FN:5536,(anonymous_588)
FN:5557,(anonymous_589)
FN:5567,(anonymous_590)
FN:5568,ReportDispatcher
FN:5574,(anonymous_592)
FN:5575,(anonymous_593)
FN:5584,(anonymous_594)
FN:5588,(anonymous_595)
FN:5592,(anonymous_596)
FN:5598,dispatch
FN:5617,addFn
FN:5626,(anonymous_599)
FN:5632,(anonymous_600)
FN:5644,(anonymous_601)
FN:5666,(anonymous_602)
FN:5680,(anonymous_603)
FN:5695,(anonymous_604)
FN:5711,(anonymous_605)
FN:5725,(anonymous_606)
FN:5741,(anonymous_607)
FN:5754,(anonymous_608)
FN:5767,(anonymous_609)
FN:5782,(anonymous_610)
FN:5797,(anonymous_611)
FN:5809,(anonymous_612)
FN:5828,(anonymous_613)
FN:5839,(anonymous_614)
FN:5850,(anonymous_615)
FN:5863,(anonymous_616)
FN:5877,(anonymous_617)
FN:5889,(anonymous_618)
FN:5912,(anonymous_619)
FN:5925,(anonymous_620)
FN:5935,(anonymous_621)
FN:5947,(anonymous_622)
FN:5959,(anonymous_623)
FN:5972,(anonymous_624)
FN:5979,(anonymous_625)
FN:5981,(anonymous_626)
FN:5984,(anonymous_627)
FN:5994,Spy
FN:5996,(anonymous_629)
FN:6002,(anonymous_630)
FN:6008,(anonymous_631)
FN:6028,makeFunc
FN:6030,(anonymous_633)
FN:6031,(anonymous_634)
FN:6032,(anonymous_635)
FN:6033,(anonymous_636)
FN:6034,(anonymous_637)
FN:6035,(anonymous_638)
FN:6036,(anonymous_639)
FN:6037,(anonymous_640)
FN:6038,(anonymous_641)
FN:6039,(anonymous_642)
FN:6071,(anonymous_643)
FN:6080,SpyStrategyDispatcher
FN:6082,(anonymous_645)
FN:6088,(anonymous_646)
FN:6102,(anonymous_647)
FN:6107,StrategyDict
FN:6112,(anonymous_649)
FN:6116,(anonymous_650)
FN:6130,(anonymous_651)
FN:6143,(anonymous_652)
FN:6145,SpyFactory
FN:6148,(anonymous_654)
FN:6152,(anonymous_655)
FN:6189,(anonymous_656)
FN:6193,SpyRegistry
FN:6197,(anonymous_658)
FN:6199,(anonymous_659)
FN:6203,(anonymous_660)
FN:6236,(anonymous_661)
FN:6240,(anonymous_662)
FN:6256,(anonymous_663)
FN:6291,(anonymous_664)
FN:6295,(anonymous_665)
FN:6311,(anonymous_666)
FN:6328,(anonymous_667)
FN:6340,(anonymous_668)
FN:6345,SpyStrategy
FN:6355,(anonymous_670)
FN:6356,(anonymous_671)
FN:6357,(anonymous_672)
FN:6367,createCustomPlan
FN:6368,(anonymous_674)
FN:6385,(anonymous_675)
FN:6394,(anonymous_676)
FN:6405,(anonymous_677)
FN:6406,(anonymous_678)
FN:6418,(anonymous_679)
FN:6420,(anonymous_680)
FN:6432,(anonymous_681)
FN:6434,(anonymous_682)
FN:6446,(anonymous_683)
FN:6459,(anonymous_684)
FN:6460,(anonymous_685)
FN:6464,(anonymous_686)
FN:6471,(anonymous_687)
FN:6472,StackTrace
FN:6475,(anonymous_689)
FN:6508,tryParseFrames
FN:6510,(anonymous_691)
FN:6511,(anonymous_692)
FN:6538,first
FN:6550,extractMessage
FN:6561,messagePrefixLength
FN:6581,(anonymous_696)
FN:6582,Suite
FN:6621,(anonymous_698)
FN:6625,(anonymous_699)
FN:6629,(anonymous_700)
FN:6639,(anonymous_701)
FN:6643,(anonymous_702)
FN:6647,(anonymous_703)
FN:6651,(anonymous_704)
FN:6655,(anonymous_705)
FN:6659,(anonymous_706)
FN:6663,(anonymous_707)
FN:6667,removeFns
FN:6673,(anonymous_709)
FN:6680,(anonymous_710)
FN:6684,(anonymous_711)
FN:6696,(anonymous_712)
FN:6700,(anonymous_713)
FN:6705,(anonymous_714)
FN:6713,(anonymous_715)
FN:6717,(anonymous_716)
FN:6738,(anonymous_717)
FN:6748,(anonymous_718)
FN:6755,isFailure
FN:6767,(anonymous_720)
FN:6768,(anonymous_721)
FN:6769,(anonymous_722)
FN:6772,Timer
FN:6778,(anonymous_724)
FN:6782,(anonymous_725)
FN:6790,(anonymous_726)
FN:6792,(anonymous_727)
FN:6793,(anonymous_728)
FN:6796,(anonymous_729)
FN:6797,TreeProcessor
FN:6801,(anonymous_731)
FN:6802,(anonymous_732)
FN:6803,(anonymous_733)
FN:6804,(anonymous_734)
FN:6810,(anonymous_735)
FN:6816,(anonymous_736)
FN:6830,(anonymous_737)
FN:6837,runnableIndex
FN:6845,processNode
FN:6897,startingMin
FN:6901,startingMax
FN:6905,segmentChildren
FN:6911,isSegmentBoundary
FN:6934,orderChildSegments
FN:6953,(anonymous_745)
FN:6960,executeNode
FN:6963,(anonymous_747)
FN:6965,(anonymous_748)
FN:6971,(anonymous_749)
FN:6974,(anonymous_750)
FN:6980,(anonymous_751)
FN:6988,(anonymous_752)
FN:6993,wrapChildren
FN:7012,(anonymous_754)
FN:7013,UserContext
FN:7016,(anonymous_756)
FN:7031,(anonymous_757)
FNF:758
FNH:0
FNDA:0,(anonymous_0)
FNDA:0,getJasmineRequire
FNDA:0,(anonymous_2)
FNDA:0,(anonymous_3)
FNDA:0,(anonymous_4)
FNDA:0,(anonymous_5)
FNDA:0,(anonymous_6)
FNDA:0,(anonymous_7)
FNDA:0,(anonymous_8)
FNDA:0,(anonymous_9)
FNDA:0,(anonymous_10)
FNDA:0,(anonymous_11)
FNDA:0,(anonymous_12)
FNDA:0,(anonymous_13)
FNDA:0,(anonymous_14)
FNDA:0,(anonymous_15)
FNDA:0,(anonymous_16)
FNDA:0,(anonymous_17)
FNDA:0,(anonymous_18)
FNDA:0,(anonymous_19)
FNDA:0,(anonymous_20)
FNDA:0,(anonymous_21)
FNDA:0,(anonymous_22)
FNDA:0,(anonymous_23)
FNDA:0,(anonymous_24)
FNDA:0,(anonymous_25)
FNDA:0,(anonymous_26)
FNDA:0,(anonymous_27)
FNDA:0,(anonymous_28)
FNDA:0,(anonymous_29)
FNDA:0,(anonymous_30)
FNDA:0,(anonymous_31)
FNDA:0,(anonymous_32)
FNDA:0,(anonymous_33)
FNDA:0,(anonymous_34)
FNDA:0,(anonymous_35)
FNDA:0,(anonymous_36)
FNDA:0,(anonymous_37)
FNDA:0,(anonymous_38)
FNDA:0,(anonymous_39)
FNDA:0,(anonymous_40)
FNDA:0,(anonymous_41)
FNDA:0,(anonymous_42)
FNDA:0,(anonymous_43)
FNDA:0,(anonymous_44)
FNDA:0,(anonymous_45)
FNDA:0,(anonymous_46)
FNDA:0,anyMatch
FNDA:0,errorWithStack
FNDA:0,callerFile
FNDA:0,(anonymous_50)
FNDA:0,(anonymous_51)
FNDA:0,(anonymous_52)
FNDA:0,Spec
FNDA:0,(anonymous_54)
FNDA:0,(anonymous_55)
FNDA:0,(anonymous_56)
FNDA:0,(anonymous_57)
FNDA:0,(anonymous_58)
FNDA:0,(anonymous_59)
FNDA:0,(anonymous_60)
FNDA:0,(anonymous_61)
FNDA:0,(anonymous_62)
FNDA:0,(anonymous_63)
FNDA:0,(anonymous_64)
FNDA:0,(anonymous_65)
FNDA:0,(anonymous_66)
FNDA:0,(anonymous_67)
FNDA:0,(anonymous_68)
FNDA:0,(anonymous_69)
FNDA:0,onException
FNDA:0,(anonymous_71)
FNDA:0,(anonymous_72)
FNDA:0,(anonymous_73)
FNDA:0,(anonymous_74)
FNDA:0,(anonymous_75)
FNDA:0,(anonymous_76)
FNDA:0,(anonymous_77)
FNDA:0,(anonymous_78)
FNDA:0,Order
FNDA:0,naturalOrder
FNDA:0,randomOrder
FNDA:0,(anonymous_82)
FNDA:0,generateSeed
FNDA:0,jenkinsHash
FNDA:0,(anonymous_85)
FNDA:0,Env
FNDA:0,(anonymous_87)
FNDA:0,(anonymous_88)
FNDA:0,(anonymous_89)
FNDA:0,(anonymous_90)
FNDA:0,(anonymous_91)
FNDA:0,(anonymous_92)
FNDA:0,(anonymous_93)
FNDA:0,(anonymous_94)
FNDA:0,(anonymous_95)
FNDA:0,(anonymous_96)
FNDA:0,(anonymous_97)
FNDA:0,(anonymous_98)
FNDA:0,(anonymous_99)
FNDA:0,(anonymous_100)
FNDA:0,(anonymous_101)
FNDA:0,(anonymous_102)
FNDA:0,addExpectationResult
FNDA:0,(anonymous_104)
FNDA:0,addExpectationResult
FNDA:0,(anonymous_106)
FNDA:0,(anonymous_107)
FNDA:0,(anonymous_108)
FNDA:0,(anonymous_109)
FNDA:0,(anonymous_110)
FNDA:0,(anonymous_111)
FNDA:0,(anonymous_112)
FNDA:0,(anonymous_113)
FNDA:0,(anonymous_114)
FNDA:0,(anonymous_115)
FNDA:0,(anonymous_116)
FNDA:0,(anonymous_117)
FNDA:0,(anonymous_118)
FNDA:0,(anonymous_119)
FNDA:0,(anonymous_120)
FNDA:0,(anonymous_121)
FNDA:0,(anonymous_122)
FNDA:0,(anonymous_123)
FNDA:0,(anonymous_124)
FNDA:0,(anonymous_125)
FNDA:0,(anonymous_126)
FNDA:0,(anonymous_127)
FNDA:0,(anonymous_128)
FNDA:0,(anonymous_129)
FNDA:0,(anonymous_130)
FNDA:0,(anonymous_131)
FNDA:0,(anonymous_132)
FNDA:0,(anonymous_133)
FNDA:0,(anonymous_134)
FNDA:0,(anonymous_135)
FNDA:0,(anonymous_136)
FNDA:0,(anonymous_137)
FNDA:0,(anonymous_138)
FNDA:0,(anonymous_139)
FNDA:0,(anonymous_140)
FNDA:0,(anonymous_141)
FNDA:0,(anonymous_142)
FNDA:0,(anonymous_143)
FNDA:0,(anonymous_144)
FNDA:0,(anonymous_145)
FNDA:0,(anonymous_146)
FNDA:0,ensureIsNotNested
FNDA:0,(anonymous_148)
FNDA:0,(anonymous_149)
FNDA:0,(anonymous_150)
FNDA:0,(anonymous_151)
FNDA:0,addSpecsToSuite
FNDA:0,findFocusedAncestor
FNDA:0,unfocusAncestor
FNDA:0,(anonymous_155)
FNDA:0,(anonymous_156)
FNDA:0,(anonymous_157)
FNDA:0,specResultCallback
FNDA:0,specStarted
FNDA:0,(anonymous_160)
FNDA:0,(anonymous_161)
FNDA:0,(anonymous_162)
FNDA:0,(anonymous_163)
FNDA:0,(anonymous_164)
FNDA:0,(anonymous_165)
FNDA:0,(anonymous_166)
FNDA:0,(anonymous_167)
FNDA:0,(anonymous_168)
FNDA:0,(anonymous_169)
FNDA:0,(anonymous_170)
FNDA:0,(anonymous_171)
FNDA:0,JsApiReporter
FNDA:0,(anonymous_173)
FNDA:0,(anonymous_174)
FNDA:0,(anonymous_175)
FNDA:0,(anonymous_176)
FNDA:0,(anonymous_177)
FNDA:0,(anonymous_178)
FNDA:0,storeSuite
FNDA:0,(anonymous_180)
FNDA:0,(anonymous_181)
FNDA:0,(anonymous_182)
FNDA:0,(anonymous_183)
FNDA:0,(anonymous_184)
FNDA:0,(anonymous_185)
FNDA:0,Any
FNDA:0,(anonymous_187)
FNDA:0,(anonymous_188)
FNDA:0,(anonymous_189)
FNDA:0,Anything
FNDA:0,(anonymous_191)
FNDA:0,(anonymous_192)
FNDA:0,(anonymous_193)
FNDA:0,ArrayContaining
FNDA:0,(anonymous_195)
FNDA:0,(anonymous_196)
FNDA:0,(anonymous_197)
FNDA:0,ArrayWithExactContents
FNDA:0,(anonymous_199)
FNDA:0,(anonymous_200)
FNDA:0,(anonymous_201)
FNDA:0,Empty
FNDA:0,(anonymous_203)
FNDA:0,(anonymous_204)
FNDA:0,(anonymous_205)
FNDA:0,Falsy
FNDA:0,(anonymous_207)
FNDA:0,(anonymous_208)
FNDA:0,(anonymous_209)
FNDA:0,NotEmpty
FNDA:0,(anonymous_211)
FNDA:0,(anonymous_212)
FNDA:0,(anonymous_213)
FNDA:0,ObjectContaining
FNDA:0,getPrototype
FNDA:0,hasProperty
FNDA:0,(anonymous_217)
FNDA:0,(anonymous_218)
FNDA:0,(anonymous_219)
FNDA:0,StringMatching
FNDA:0,(anonymous_221)
FNDA:0,(anonymous_222)
FNDA:0,(anonymous_223)
FNDA:0,Truthy
FNDA:0,(anonymous_225)
FNDA:0,(anonymous_226)
FNDA:0,(anonymous_227)
FNDA:0,CallTracker
FNDA:0,(anonymous_229)
FNDA:0,(anonymous_230)
FNDA:0,(anonymous_231)
FNDA:0,(anonymous_232)
FNDA:0,(anonymous_233)
FNDA:0,(anonymous_234)
FNDA:0,(anonymous_235)
FNDA:0,(anonymous_236)
FNDA:0,(anonymous_237)
FNDA:0,(anonymous_238)
FNDA:0,(anonymous_239)
FNDA:0,messageChannelImpl
FNDA:0,(anonymous_241)
FNDA:0,clearStack
FNDA:0,getClearStack
FNDA:0,clearStack
FNDA:0,(anonymous_245)
FNDA:0,(anonymous_246)
FNDA:0,Clock
FNDA:0,(anonymous_248)
FNDA:0,(anonymous_249)
FNDA:0,(anonymous_250)
FNDA:0,(anonymous_251)
FNDA:0,(anonymous_252)
FNDA:0,(anonymous_253)
FNDA:0,(anonymous_254)
FNDA:0,(anonymous_255)
FNDA:0,(anonymous_256)
FNDA:0,(anonymous_257)
FNDA:0,originalTimingFunctionsIntact
FNDA:0,replace
FNDA:0,setTimeout
FNDA:0,clearTimeout
FNDA:0,setInterval
FNDA:0,clearInterval
FNDA:0,argSlice
FNDA:0,FakeTimeout
FNDA:0,(anonymous_266)
FNDA:0,(anonymous_267)
FNDA:0,(anonymous_268)
FNDA:0,DelayedFunctionScheduler
FNDA:0,(anonymous_270)
FNDA:0,(anonymous_271)
FNDA:0,(anonymous_272)
FNDA:0,(anonymous_273)
FNDA:0,(anonymous_274)
FNDA:0,(anonymous_275)
FNDA:0,indexOfFirstToPass
FNDA:0,deleteFromLookup
FNDA:0,(anonymous_278)
FNDA:0,reschedule
FNDA:0,forEachFunction
FNDA:0,runScheduledFunctions
FNDA:0,(anonymous_282)
FNDA:0,(anonymous_283)
FNDA:0,(anonymous_284)
FNDA:0,(anonymous_285)
FNDA:0,ExpectationFailed
FNDA:0,(anonymous_287)
FNDA:0,ExceptionFormatter
FNDA:0,(anonymous_289)
FNDA:0,(anonymous_290)
FNDA:0,filterJasmine
FNDA:0,(anonymous_292)
FNDA:0,formatProperties
FNDA:0,(anonymous_294)
FNDA:0,(anonymous_295)
FNDA:0,Expectation
FNDA:0,withContext
FNDA:0,(anonymous_298)
FNDA:0,AsyncExpectation
FNDA:0,withContext
FNDA:0,(anonymous_301)
FNDA:0,wrapSyncCompare
FNDA:0,(anonymous_303)
FNDA:0,wrapAsyncCompare
FNDA:0,(anonymous_305)
FNDA:0,(anonymous_306)
FNDA:0,addCoreMatchers
FNDA:0,addFilter
FNDA:0,negatedFailureMessage
FNDA:0,negate
FNDA:0,(anonymous_311)
FNDA:0,defaultNegativeCompare
FNDA:0,(anonymous_313)
FNDA:0,defaultNegativeCompare
FNDA:0,ContextAddingFilter
FNDA:0,(anonymous_316)
FNDA:0,(anonymous_317)
FNDA:0,(anonymous_318)
FNDA:0,(anonymous_319)
FNDA:0,(anonymous_320)
FNDA:0,(anonymous_321)
FNDA:0,ExpectationFilterChain
FNDA:0,(anonymous_323)
FNDA:0,(anonymous_324)
FNDA:0,(anonymous_325)
FNDA:0,(anonymous_326)
FNDA:0,(anonymous_327)
FNDA:0,(anonymous_328)
FNDA:0,buildExpectationResult
FNDA:0,(anonymous_330)
FNDA:0,(anonymous_331)
FNDA:0,message
FNDA:0,stack
FNDA:0,(anonymous_334)
FNDA:0,Expector
FNDA:0,(anonymous_336)
FNDA:0,(anonymous_337)
FNDA:0,(anonymous_338)
FNDA:0,(anonymous_339)
FNDA:0,defaultMessage
FNDA:0,(anonymous_341)
FNDA:0,(anonymous_342)
FNDA:0,(anonymous_343)
FNDA:0,(anonymous_344)
FNDA:0,generateErrorMsg
FNDA:0,errorMsg
FNDA:0,(anonymous_347)
FNDA:0,GlobalErrors
FNDA:0,onerror
FNDA:0,installOne_
FNDA:0,taggedOnError
FNDA:0,uninstall
FNDA:0,install
FNDA:0,uninstall
FNDA:0,pushListener
FNDA:0,popListener
FNDA:0,(anonymous_357)
FNDA:0,toBeResolved
FNDA:0,(anonymous_359)
FNDA:0,(anonymous_360)
FNDA:0,(anonymous_361)
FNDA:0,(anonymous_362)
FNDA:0,toBeRejectedWith
FNDA:0,(anonymous_364)
FNDA:0,prefix
FNDA:0,(anonymous_366)
FNDA:0,(anonymous_367)
FNDA:0,(anonymous_368)
FNDA:0,toBeResolved
FNDA:0,(anonymous_370)
FNDA:0,(anonymous_371)
FNDA:0,(anonymous_372)
FNDA:0,(anonymous_373)
FNDA:0,toBeResolvedTo
FNDA:0,(anonymous_375)
FNDA:0,prefix
FNDA:0,(anonymous_377)
FNDA:0,(anonymous_378)
FNDA:0,(anonymous_379)
FNDA:0,DiffBuilder
FNDA:0,(anonymous_381)
FNDA:0,(anonymous_382)
FNDA:0,(anonymous_383)
FNDA:0,defaultFormatter
FNDA:0,(anonymous_385)
FNDA:0,(anonymous_386)
FNDA:0,(anonymous_387)
FNDA:0,(anonymous_388)
FNDA:0,isAsymmetric
FNDA:0,asymmetricMatch
FNDA:0,equals
FNDA:0,eq
FNDA:0,(anonymous_393)
FNDA:0,(anonymous_394)
FNDA:0,(anonymous_395)
FNDA:0,(anonymous_396)
FNDA:0,(anonymous_397)
FNDA:0,(anonymous_398)
FNDA:0,(anonymous_399)
FNDA:0,keys
FNDA:0,(anonymous_401)
FNDA:0,has
FNDA:0,isFunction
FNDA:0,objectKeysAreDifferentFormatter
FNDA:0,constructorsAreDifferentFormatter
FNDA:0,actualArrayIsLongerFormatter
FNDA:0,formatKeyValuePairs
FNDA:0,(anonymous_408)
FNDA:0,nothing
FNDA:0,(anonymous_410)
FNDA:0,(anonymous_411)
FNDA:0,(anonymous_412)
FNDA:0,(anonymous_413)
FNDA:0,(anonymous_414)
FNDA:0,(anonymous_415)
FNDA:0,ObjectPath
FNDA:0,(anonymous_417)
FNDA:0,(anonymous_418)
FNDA:0,(anonymous_419)
FNDA:0,formatPropertyAccess
FNDA:0,map
FNDA:0,isValidIdentifier
FNDA:0,(anonymous_423)
FNDA:0,(anonymous_424)
FNDA:0,toBe
FNDA:0,(anonymous_426)
FNDA:0,(anonymous_427)
FNDA:0,toBeCloseTo
FNDA:0,(anonymous_429)
FNDA:0,(anonymous_430)
FNDA:0,toBeDefined
FNDA:0,(anonymous_432)
FNDA:0,(anonymous_433)
FNDA:0,toBeFalsy
FNDA:0,(anonymous_435)
FNDA:0,(anonymous_436)
FNDA:0,toBeGreaterThan
FNDA:0,(anonymous_438)
FNDA:0,(anonymous_439)
FNDA:0,toBeGreaterThanOrEqual
FNDA:0,(anonymous_441)
FNDA:0,(anonymous_442)
FNDA:0,toBeLessThan
FNDA:0,(anonymous_444)
FNDA:0,(anonymous_445)
FNDA:0,toBeLessThanOrEqual
FNDA:0,(anonymous_447)
FNDA:0,(anonymous_448)
FNDA:0,toBeNaN
FNDA:0,(anonymous_450)
FNDA:0,(anonymous_451)
FNDA:0,(anonymous_452)
FNDA:0,toBeNegativeInfinity
FNDA:0,(anonymous_454)
FNDA:0,(anonymous_455)
FNDA:0,(anonymous_456)
FNDA:0,toBeNull
FNDA:0,(anonymous_458)
FNDA:0,(anonymous_459)
FNDA:0,toBePositiveInfinity
FNDA:0,(anonymous_461)
FNDA:0,(anonymous_462)
FNDA:0,(anonymous_463)
FNDA:0,toBeTruthy
FNDA:0,(anonymous_465)
FNDA:0,(anonymous_466)
FNDA:0,toBeUndefined
FNDA:0,(anonymous_468)
FNDA:0,(anonymous_469)
FNDA:0,toContain
FNDA:0,(anonymous_471)
FNDA:0,(anonymous_472)
FNDA:0,toEqual
FNDA:0,(anonymous_474)
FNDA:0,(anonymous_475)
FNDA:0,toHaveBeenCalled
FNDA:0,(anonymous_477)
FNDA:0,(anonymous_478)
FNDA:0,toHaveBeenCalledBefore
FNDA:0,(anonymous_480)
FNDA:0,(anonymous_481)
FNDA:0,toHaveBeenCalledTimes
FNDA:0,(anonymous_483)
FNDA:0,(anonymous_484)
FNDA:0,toHaveBeenCalledWith
FNDA:0,(anonymous_486)
FNDA:0,(anonymous_487)
FNDA:0,(anonymous_488)
FNDA:0,(anonymous_489)
FNDA:0,(anonymous_490)
FNDA:0,toHaveClass
FNDA:0,(anonymous_492)
FNDA:0,isElement
FNDA:0,(anonymous_494)
FNDA:0,toMatch
FNDA:0,(anonymous_496)
FNDA:0,(anonymous_497)
FNDA:0,toThrow
FNDA:0,(anonymous_499)
FNDA:0,(anonymous_500)
FNDA:0,(anonymous_501)
FNDA:0,(anonymous_502)
FNDA:0,(anonymous_503)
FNDA:0,toThrowError
FNDA:0,(anonymous_505)
FNDA:0,(anonymous_506)
FNDA:0,getMatcher
FNDA:0,anyMatcher
FNDA:0,(anonymous_509)
FNDA:0,exactMatcher
FNDA:0,messageMatch
FNDA:0,thrownDescription
FNDA:0,messageDescription
FNDA:0,matches
FNDA:0,(anonymous_515)
FNDA:0,(anonymous_516)
FNDA:0,(anonymous_517)
FNDA:0,isStringOrRegExp
FNDA:0,isAnErrorType
FNDA:0,(anonymous_520)
FNDA:0,pass
FNDA:0,fail
FNDA:0,(anonymous_523)
FNDA:0,toThrowMatching
FNDA:0,(anonymous_525)
FNDA:0,(anonymous_526)
FNDA:0,thrownDescription
FNDA:0,pass
FNDA:0,fail
FNDA:0,(anonymous_530)
FNDA:0,MockDate
FNDA:0,(anonymous_532)
FNDA:0,(anonymous_533)
FNDA:0,(anonymous_534)
FNDA:0,(anonymous_535)
FNDA:0,(anonymous_536)
FNDA:0,(anonymous_537)
FNDA:0,FakeDate
FNDA:0,createDateProperties
FNDA:0,(anonymous_540)
FNDA:0,(anonymous_541)
FNDA:0,PrettyPrinter
FNDA:0,hasCustomToString
FNDA:0,(anonymous_544)
FNDA:0,(anonymous_545)
FNDA:0,isGetter
FNDA:0,isGetter
FNDA:0,(anonymous_548)
FNDA:0,(anonymous_549)
FNDA:0,(anonymous_550)
FNDA:0,(anonymous_551)
FNDA:0,(anonymous_552)
FNDA:0,(anonymous_553)
FNDA:0,(anonymous_554)
FNDA:0,(anonymous_555)
FNDA:0,(anonymous_556)
FNDA:0,(anonymous_557)
FNDA:0,(anonymous_558)
FNDA:0,(anonymous_559)
FNDA:0,(anonymous_560)
FNDA:0,(anonymous_561)
FNDA:0,truncate
FNDA:0,MaxCharsReachedError
FNDA:0,keys
FNDA:0,(anonymous_565)
FNDA:0,(anonymous_566)
FNDA:0,(anonymous_567)
FNDA:0,StopExecutionError
FNDA:0,once
FNDA:0,(anonymous_570)
FNDA:0,emptyFn
FNDA:0,QueueRunner
FNDA:0,(anonymous_573)
FNDA:0,(anonymous_574)
FNDA:0,(anonymous_575)
FNDA:0,(anonymous_576)
FNDA:0,(anonymous_577)
FNDA:0,(anonymous_578)
FNDA:0,attempt
FNDA:0,handleError
FNDA:0,cleanup
FNDA:0,next
FNDA:0,runNext
FNDA:0,nextFail
FNDA:0,(anonymous_585)
FNDA:0,onException
FNDA:0,onPromiseRejection
FNDA:0,(anonymous_588)
FNDA:0,(anonymous_589)
FNDA:0,(anonymous_590)
FNDA:0,ReportDispatcher
FNDA:0,(anonymous_592)
FNDA:0,(anonymous_593)
FNDA:0,(anonymous_594)
FNDA:0,(anonymous_595)
FNDA:0,(anonymous_596)
FNDA:0,dispatch
FNDA:0,addFn
FNDA:0,(anonymous_599)
FNDA:0,(anonymous_600)
FNDA:0,(anonymous_601)
FNDA:0,(anonymous_602)
FNDA:0,(anonymous_603)
FNDA:0,(anonymous_604)
FNDA:0,(anonymous_605)
FNDA:0,(anonymous_606)
FNDA:0,(anonymous_607)
FNDA:0,(anonymous_608)
FNDA:0,(anonymous_609)
FNDA:0,(anonymous_610)
FNDA:0,(anonymous_611)
FNDA:0,(anonymous_612)
FNDA:0,(anonymous_613)
FNDA:0,(anonymous_614)
FNDA:0,(anonymous_615)
FNDA:0,(anonymous_616)
FNDA:0,(anonymous_617)
FNDA:0,(anonymous_618)
FNDA:0,(anonymous_619)
FNDA:0,(anonymous_620)
FNDA:0,(anonymous_621)
FNDA:0,(anonymous_622)
FNDA:0,(anonymous_623)
FNDA:0,(anonymous_624)
FNDA:0,(anonymous_625)
FNDA:0,(anonymous_626)
FNDA:0,(anonymous_627)
FNDA:0,Spy
FNDA:0,(anonymous_629)
FNDA:0,(anonymous_630)
FNDA:0,(anonymous_631)
FNDA:0,makeFunc
FNDA:0,(anonymous_633)
FNDA:0,(anonymous_634)
FNDA:0,(anonymous_635)
FNDA:0,(anonymous_636)
FNDA:0,(anonymous_637)
FNDA:0,(anonymous_638)
FNDA:0,(anonymous_639)
FNDA:0,(anonymous_640)
FNDA:0,(anonymous_641)
FNDA:0,(anonymous_642)
FNDA:0,(anonymous_643)
FNDA:0,SpyStrategyDispatcher
FNDA:0,(anonymous_645)
FNDA:0,(anonymous_646)
FNDA:0,(anonymous_647)
FNDA:0,StrategyDict
FNDA:0,(anonymous_649)
FNDA:0,(anonymous_650)
FNDA:0,(anonymous_651)
FNDA:0,(anonymous_652)
FNDA:0,SpyFactory
FNDA:0,(anonymous_654)
FNDA:0,(anonymous_655)
FNDA:0,(anonymous_656)
FNDA:0,SpyRegistry
FNDA:0,(anonymous_658)
FNDA:0,(anonymous_659)
FNDA:0,(anonymous_660)
FNDA:0,(anonymous_661)
FNDA:0,(anonymous_662)
FNDA:0,(anonymous_663)
FNDA:0,(anonymous_664)
FNDA:0,(anonymous_665)
FNDA:0,(anonymous_666)
FNDA:0,(anonymous_667)
FNDA:0,(anonymous_668)
FNDA:0,SpyStrategy
FNDA:0,(anonymous_670)
FNDA:0,(anonymous_671)
FNDA:0,(anonymous_672)
FNDA:0,createCustomPlan
FNDA:0,(anonymous_674)
FNDA:0,(anonymous_675)
FNDA:0,(anonymous_676)
FNDA:0,(anonymous_677)
FNDA:0,(anonymous_678)
FNDA:0,(anonymous_679)
FNDA:0,(anonymous_680)
FNDA:0,(anonymous_681)
FNDA:0,(anonymous_682)
FNDA:0,(anonymous_683)
FNDA:0,(anonymous_684)
FNDA:0,(anonymous_685)
FNDA:0,(anonymous_686)
FNDA:0,(anonymous_687)
FNDA:0,StackTrace
FNDA:0,(anonymous_689)
FNDA:0,tryParseFrames
FNDA:0,(anonymous_691)
FNDA:0,(anonymous_692)
FNDA:0,first
FNDA:0,extractMessage
FNDA:0,messagePrefixLength
FNDA:0,(anonymous_696)
FNDA:0,Suite
FNDA:0,(anonymous_698)
FNDA:0,(anonymous_699)
FNDA:0,(anonymous_700)
FNDA:0,(anonymous_701)
FNDA:0,(anonymous_702)
FNDA:0,(anonymous_703)
FNDA:0,(anonymous_704)
FNDA:0,(anonymous_705)
FNDA:0,(anonymous_706)
FNDA:0,(anonymous_707)
FNDA:0,removeFns
FNDA:0,(anonymous_709)
FNDA:0,(anonymous_710)
FNDA:0,(anonymous_711)
FNDA:0,(anonymous_712)
FNDA:0,(anonymous_713)
FNDA:0,(anonymous_714)
FNDA:0,(anonymous_715)
FNDA:0,(anonymous_716)
FNDA:0,(anonymous_717)
FNDA:0,(anonymous_718)
FNDA:0,isFailure
FNDA:0,(anonymous_720)
FNDA:0,(anonymous_721)
FNDA:0,(anonymous_722)
FNDA:0,Timer
FNDA:0,(anonymous_724)
FNDA:0,(anonymous_725)
FNDA:0,(anonymous_726)
FNDA:0,(anonymous_727)
FNDA:0,(anonymous_728)
FNDA:0,(anonymous_729)
FNDA:0,TreeProcessor
FNDA:0,(anonymous_731)
FNDA:0,(anonymous_732)
FNDA:0,(anonymous_733)
FNDA:0,(anonymous_734)
FNDA:0,(anonymous_735)
FNDA:0,(anonymous_736)
FNDA:0,(anonymous_737)
FNDA:0,runnableIndex
FNDA:0,processNode
FNDA:0,startingMin
FNDA:0,startingMax
FNDA:0,segmentChildren
FNDA:0,isSegmentBoundary
FNDA:0,orderChildSegments
FNDA:0,(anonymous_745)
FNDA:0,executeNode
FNDA:0,(anonymous_747)
FNDA:0,(anonymous_748)
FNDA:0,(anonymous_749)
FNDA:0,(anonymous_750)
FNDA:0,(anonymous_751)
FNDA:0,(anonymous_752)
FNDA:0,wrapChildren
FNDA:0,(anonymous_754)
FNDA:0,UserContext
FNDA:0,(anonymous_756)
FNDA:0,(anonymous_757)
DA:23,0
DA:27,0
DA:28,0
DA:29,0
DA:31,0
DA:33,0
DA:35,0
DA:36,0
DA:38,0
DA:42,0
DA:45,0
DA:46,0
DA:48,0
DA:49,0
DA:50,0
DA:51,0
DA:52,0
DA:53,0
DA:54,0
DA:55,0
DA:56,0
DA:57,0
DA:58,0
DA:59,0
DA:60,0
DA:61,0
DA:62,0
DA:63,0
DA:64,0
DA:65,0
DA:66,0
DA:67,0
DA:68,0
DA:69,0
DA:70,0
DA:71,0
DA:72,0
DA:73,0
DA:74,0
DA:75,0
DA:76,0
DA:77,0
DA:78,0
DA:79,0
DA:80,0
DA:81,0
DA:82,0
DA:83,0
DA:84,0
DA:85,0
DA:86,0
DA:87,0
DA:88,0
DA:89,0
DA:90,0
DA:92,0
DA:93,0
DA:94,0
DA:95,0
DA:97,0
DA:98,0
DA:100,0
DA:103,0
DA:106,0
DA:107,0
DA:135,0
DA:137,0
DA:138,0
DA:139,0
DA:142,0
DA:145,0
DA:146,0
DA:147,0
DA:155,0
DA:162,0
DA:168,0
DA:173,0
DA:175,0
DA:176,0
DA:186,0
DA:187,0
DA:189,0
DA:192,0
DA:193,0
DA:196,0
DA:197,0
DA:200,0
DA:201,0
DA:204,0
DA:205,0
DA:208,0
DA:209,0
DA:212,0
DA:213,0
DA:216,0
DA:217,0
DA:228,0
DA:229,0
DA:232,0
DA:233,0
DA:234,0
DA:236,0
DA:237,0
DA:238,0
DA:239,0
DA:242,0
DA:243,0
DA:246,0
DA:249,0
DA:250,0
DA:253,0
DA:255,0
DA:264,0
DA:265,0
DA:268,0
DA:269,0
DA:272,0
DA:273,0
DA:276,0
DA:277,0
DA:280,0
DA:281,0
DA:282,0
DA:285,0
DA:288,0
DA:298,0
DA:299,0
DA:308,0
DA:309,0
DA:318,0
DA:326,0
DA:334,0
DA:342,0
DA:351,0
DA:352,0
DA:362,0
DA:363,0
DA:373,0
DA:374,0
DA:384,0
DA:385,0
DA:388,0
DA:389,0
DA:390,0
DA:392,0
DA:397,0
DA:399,0
DA:401,0
DA:402,0
DA:404,0
DA:405,0
DA:408,0
DA:409,0
DA:410,0
DA:412,0
DA:417,0
DA:418,0
DA:419,0
DA:420,0
DA:422,0
DA:425,0
DA:426,0
DA:429,0
DA:430,0
DA:431,0
DA:432,0
DA:433,0
DA:436,0
DA:439,0
DA:440,0
DA:441,0
DA:444,0
DA:445,0
DA:446,0
DA:447,0
DA:451,0
DA:454,0
DA:455,0
DA:456,0
DA:457,0
DA:458,0
DA:459,0
DA:462,0
DA:463,0
DA:465,0
DA:468,0
DA:471,0
DA:473,0
DA:475,0
DA:476,0
DA:477,0
DA:480,0
DA:483,0
DA:484,0
DA:486,0
DA:487,0
DA:488,0
DA:492,0
DA:495,0
DA:496,0
DA:502,0
DA:503,0
DA:504,0
DA:508,0
DA:511,0
DA:514,0
DA:516,0
DA:517,0
DA:521,0
DA:522,0
DA:524,0
DA:529,0
DA:530,0
DA:533,0
DA:536,0
DA:539,0
DA:540,0
DA:543,0
DA:547,0
DA:550,0
DA:552,0
DA:553,0
DA:554,0
DA:555,0
DA:556,0
DA:557,0
DA:558,0
DA:559,0
DA:560,0
DA:561,0
DA:562,0
DA:563,0
DA:564,0
DA:565,0
DA:566,0
DA:568,0
DA:569,0
DA:584,0
DA:596,0
DA:597,0
DA:598,0
DA:599,0
DA:601,0
DA:603,0
DA:604,0
DA:609,0
DA:610,0
DA:613,0
DA:614,0
DA:617,0
DA:618,0
DA:620,0
DA:622,0
DA:623,0
DA:627,0
DA:629,0
DA:630,0
DA:631,0
DA:635,0
DA:636,0
DA:638,0
DA:643,0
DA:646,0
DA:647,0
DA:652,0
DA:653,0
DA:654,0
DA:657,0
DA:658,0
DA:660,0
DA:663,0
DA:664,0
DA:665,0
DA:666,0
DA:669,0
DA:670,0
DA:673,0
DA:682,0
DA:683,0
DA:684,0
DA:685,0
DA:689,0
DA:690,0
DA:691,0
DA:694,0
DA:695,0
DA:696,0
DA:699,0
DA:700,0
DA:703,0
DA:704,0
DA:706,0
DA:710,0
DA:711,0
DA:714,0
DA:715,0
DA:716,0
DA:718,0
DA:721,0
DA:722,0
DA:723,0
DA:724,0
DA:726,0
DA:729,0
DA:731,0
DA:732,0
DA:735,0
DA:738,0
DA:740,0
DA:745,0
DA:747,0
DA:748,0
DA:749,0
DA:752,0
DA:756,0
DA:757,0
DA:758,0
DA:760,0
DA:764,0
DA:774,0
DA:775,0
DA:776,0
DA:777,0
DA:779,0
DA:780,0
DA:781,0
DA:782,0
DA:787,0
DA:790,0
DA:798,0
DA:800,0
DA:801,0
DA:803,0
DA:805,0
DA:806,0
DA:807,0
DA:808,0
DA:810,0
DA:812,0
DA:813,0
DA:814,0
DA:815,0
DA:822,0
DA:859,0
DA:871,0
DA:872,0
DA:875,0
DA:876,0
DA:879,0
DA:881,0
DA:882,0
DA:883,0
DA:886,0
DA:887,0
DA:890,0
DA:891,0
DA:892,0
DA:893,0
DA:910,0
DA:911,0
DA:912,0
DA:915,0
DA:916,0
DA:919,0
DA:920,0
DA:923,0
DA:924,0
DA:927,0
DA:928,0
DA:931,0
DA:932,0
DA:942,0
DA:943,0
DA:944,0
DA:945,0
DA:947,0
DA:950,0
DA:952,0
DA:953,0
DA:956,0
DA:957,0
DA:961,0
DA:962,0
DA:963,0
DA:965,0
DA:968,0
DA:969,0
DA:970,0
DA:972,0
DA:975,0
DA:976,0
DA:977,0
DA:979,0
DA:980,0
DA:981,0
DA:985,0
DA:986,0
DA:988,0
DA:989,0
DA:990,0
DA:993,0
DA:994,0
DA:995,0
DA:998,0
DA:999,0
DA:1008,0
DA:1012,0
DA:1013,0
DA:1021,0
DA:1025,0
DA:1026,0
DA:1028,0
DA:1029,0
DA:1030,0
DA:1033,0
DA:1036,0
DA:1037,0
DA:1038,0
DA:1041,0
DA:1042,0
DA:1043,0
DA:1044,0
DA:1046,0
DA:1047,0
DA:1048,0
DA:1050,0
DA:1053,0
DA:1060,0
DA:1061,0
DA:1062,0
DA:1064,0
DA:1065,0
DA:1067,0
DA:1071,0
DA:1072,0
DA:1073,0
DA:1074,0
DA:1075,0
DA:1077,0
DA:1080,0
DA:1081,0
DA:1091,0
DA:1092,0
DA:1093,0
DA:1096,0
DA:1097,0
DA:1098,0
DA:1108,0
DA:1109,0
DA:1110,0
DA:1113,0
DA:1114,0
DA:1115,0
DA:1125,0
DA:1126,0
DA:1127,0
DA:1130,0
DA:1131,0
DA:1132,0
DA:1142,0
DA:1143,0
DA:1144,0
DA:1145,0
DA:1147,0
DA:1150,0
DA:1151,0
DA:1152,0
DA:1159,0
DA:1160,0
DA:1161,0
DA:1164,0
DA:1165,0
DA:1166,0
DA:1167,0
DA:1168,0
DA:1172,0
DA:1173,0
DA:1174,0
DA:1175,0
DA:1176,0
DA:1177,0
DA:1179,0
DA:1180,0
DA:1181,0
DA:1182,0
DA:1183,0
DA:1184,0
DA:1185,0
DA:1187,0
DA:1189,0
DA:1192,0
DA:1200,0
DA:1201,0
DA:1203,0
DA:1204,0
DA:1212,0
DA:1279,0
DA:1280,0
DA:1281,0
DA:1283,0
DA:1284,0
DA:1285,0
DA:1287,0
DA:1291,0
DA:1296,0
DA:1301,0
DA:1302,0
DA:1303,0
DA:1304,0
DA:1307,0
DA:1308,0
DA:1311,0
DA:1312,0
DA:1314,0
DA:1315,0
DA:1317,0
DA:1318,0
DA:1321,0
DA:1324,0
DA:1328,0
DA:1329,0
DA:1338,0
DA:1342,0
DA:1344,0
DA:1345,0
DA:1346,0
DA:1349,0
DA:1350,0
DA:1351,0
DA:1352,0
DA:1353,0
DA:1354,0
DA:1355,0
DA:1356,0
DA:1358,0
DA:1370,0
DA:1388,0
DA:1389,0
DA:1399,0
DA:1400,0
DA:1408,0
DA:1409,0
DA:1412,0
DA:1413,0
DA:1415,0
DA:1416,0
DA:1419,0
DA:1422,0
DA:1424,0
DA:1425,0
DA:1427,0
DA:1430,0
DA:1434,0
DA:1435,0
DA:1438,0
DA:1439,0
DA:1442,0
DA:1443,0
DA:1446,0
DA:1447,0
DA:1450,0
DA:1451,0
DA:1452,0
DA:1453,0
DA:1456,0
DA:1459,0
DA:1460,0
DA:1463,0
DA:1464,0
DA:1465,0
DA:1469,0
DA:1470,0
DA:1471,0
DA:1476,0
DA:1477,0
DA:1478,0
DA:1482,0
DA:1483,0
DA:1494,0
DA:1497,0
DA:1498,0
DA:1499,0
DA:1500,0
DA:1501,0
DA:1502,0
DA:1504,0
DA:1505,0
DA:1507,0
DA:1508,0
DA:1511,0
DA:1512,0
DA:1513,0
DA:1514,0
DA:1515,0
DA:1516,0
DA:1517,0
DA:1520,0
DA:1522,0
DA:1523,0
DA:1524,0
DA:1525,0
DA:1526,0
DA:1528,0
DA:1529,0
DA:1530,0
DA:1532,0
DA:1536,0
DA:1537,0
DA:1538,0
DA:1540,0
DA:1541,0
DA:1542,0
DA:1544,0
DA:1547,0
DA:1548,0
DA:1551,0
DA:1555,0
DA:1556,0
DA:1557,0
DA:1559,0
DA:1562,0
DA:1566,0
DA:1567,0
DA:1568,0
DA:1569,0
DA:1570,0
DA:1571,0
DA:1577,0
DA:1578,0
DA:1579,0
DA:1586,0
DA:1592,0
DA:1600,0
DA:1603,0
DA:1604,0
DA:1606,0
DA:1607,0
DA:1610,0
DA:1614,0
DA:1615,0
DA:1616,0
DA:1620,0
DA:1621,0
DA:1624,0
DA:1625,0
DA:1627,0
DA:1628,0
DA:1629,0
DA:1631,0
DA:1632,0
DA:1635,0
DA:1636,0
DA:1639,0
DA:1640,0
DA:1642,0
DA:1643,0
DA:1644,0
DA:1647,0
DA:1648,0
DA:1649,0
DA:1650,0
DA:1651,0
DA:1652,0
DA:1653,0
DA:1654,0
DA:1657,0
DA:1658,0
DA:1659,0
DA:1662,0
DA:1665,0
DA:1666,0
DA:1667,0
DA:1670,0
DA:1673,0
DA:1674,0
DA:1675,0
DA:1676,0
DA:1682,0
DA:1683,0
DA:1684,0
DA:1685,0
DA:1691,0
DA:1692,0
DA:1693,0
DA:1694,0
DA:1695,0
DA:1701,0
DA:1702,0
DA:1703,0
DA:1704,0
DA:1710,0
DA:1711,0
DA:1712,0
DA:1713,0
DA:1715,0
DA:1718,0
DA:1719,0
DA:1720,0
DA:1723,0
DA:1724,0
DA:1725,0
DA:1726,0
DA:1727,0
DA:1728,0
DA:1729,0
DA:1732,0
DA:1736,0
DA:1745,0
DA:1746,0
DA:1751,0
DA:1754,0
DA:1762,0
DA:1763,0
DA:1765,0
DA:1766,0
DA:1767,0
DA:1769,0
DA:1770,0
DA:1771,0
DA:1772,0
DA:1777,0
DA:1778,0
DA:1779,0
DA:1780,0
DA:1781,0
DA:1790,0
DA:1791,0
DA:1794,0
DA:1795,0
DA:1797,0
DA:1798,0
DA:1801,0
DA:1802,0
DA:1815,0
DA:1816,0
DA:1820,0
DA:1821,0
DA:1830,0
DA:1831,0
DA:1834,0
DA:1836,0
DA:1837,0
DA:1850,0
DA:1851,0
DA:1860,0
DA:1861,0
DA:1870,0
DA:1871,0
DA:1876,0
DA:1879,0
DA:1882,0
DA:1883,0
DA:1888,0
DA:1891,0
DA:1892,0
DA:1893,0
DA:1896,0
DA:1897,0
DA:1900,0
DA:1901,0
DA:1904,0
DA:1905,0
DA:1908,0
DA:1909,0
DA:1914,0
DA:1915,0
DA:1919,0
DA:1922,0
DA:1923,0
DA:1926,0
DA:1929,0
DA:1933,0
DA:1934,0
DA:1937,0
DA:1938,0
DA:1941,0
DA:1944,0
DA:1946,0
DA:1949,0
DA:1950,0
DA:1951,0
DA:1954,0
DA:1955,0
DA:1956,0
DA:1957,0
DA:1961,0
DA:1964,0
DA:1965,0
DA:1968,0
DA:1971,0
DA:1974,0
DA:1977,0
DA:1978,0
DA:1979,0
DA:1982,0
DA:1983,0
DA:1986,0
DA:1987,0
DA:1988,0
DA:1989,0
DA:1993,0
DA:1996,0
DA:1997,0
DA:2000,0
DA:2003,0
DA:2007,0
DA:2008,0
DA:2009,0
DA:2012,0
DA:2013,0
DA:2016,0
DA:2017,0
DA:2019,0
DA:2022,0
DA:2023,0
DA:2026,0
DA:2029,0
DA:2033,0
DA:2034,0
DA:2037,0
DA:2038,0
DA:2041,0
DA:2044,0
DA:2048,0
DA:2049,0
DA:2050,0
DA:2053,0
DA:2054,0
DA:2057,0
DA:2058,0
DA:2061,0
DA:2064,0
DA:2065,0
DA:2068,0
DA:2071,0
DA:2074,0
DA:2078,0
DA:2079,0
DA:2082,0
DA:2083,0
DA:2086,0
DA:2090,0
DA:2091,0
DA:2094,0
DA:2095,0
DA:2098,0
DA:2101,0
DA:2102,0
DA:2104,0
DA:2105,0
DA:2107,0
DA:2111,0
DA:2114,0
DA:2115,0
DA:2118,0
DA:2121,0
DA:2124,0
DA:2125,0
DA:2128,0
DA:2131,0
DA:2132,0
DA:2135,0
DA:2136,0
DA:2139,0
DA:2142,0
DA:2146,0
DA:2147,0
DA:2150,0
DA:2151,0
DA:2154,0
DA:2157,0
DA:2163,0
DA:2164,0
DA:2166,0
DA:2167,0
DA:2168,0
DA:2170,0
DA:2179,0
DA:2180,0
DA:2189,0
DA:2190,0
DA:2200,0
DA:2201,0
DA:2202,0
DA:2211,0
DA:2212,0
DA:2221,0
DA:2222,0
DA:2223,0
DA:2224,0
DA:2227,0
DA:2236,0
DA:2237,0
DA:2246,0
DA:2247,0
DA:2255,0
DA:2256,0
DA:2264,0
DA:2265,0
DA:2270,0
DA:2273,0
DA:2274,0
DA:2277,0
DA:2278,0
DA:2279,0
DA:2281,0
DA:2282,0
DA:2283,0
DA:2284,0
DA:2285,0
DA:2287,0
DA:2288,0
DA:2290,0
DA:2291,0
DA:2292,0
DA:2294,0
DA:2299,0
DA:2300,0
DA:2301,0
DA:2303,0
DA:2304,0
DA:2305,0
DA:2307,0
DA:2308,0
DA:2314,0
DA:2315,0
DA:2316,0
DA:2317,0
DA:2320,0
DA:2321,0
DA:2322,0
DA:2323,0
DA:2325,0
DA:2326,0
DA:2328,0
DA:2330,0
DA:2333,0
DA:2334,0
DA:2336,0
DA:2340,0
DA:2343,0
DA:2346,0
DA:2354,0
DA:2355,0
DA:2361,0
DA:2367,0
DA:2371,0
DA:2379,0
DA:2380,0
DA:2381,0
DA:2383,0
DA:2384,0
DA:2385,0
DA:2386,0
DA:2388,0
DA:2396,0
DA:2397,0
DA:2398,0
DA:2399,0
DA:2401,0
DA:2402,0
DA:2413,0
DA:2414,0
DA:2415,0
DA:2416,0
DA:2418,0
DA:2428,0
DA:2429,0
DA:2432,0
DA:2433,0
DA:2436,0
DA:2437,0
DA:2440,0
DA:2441,0
DA:2444,0
DA:2445,0
DA:2454,0
DA:2455,0
DA:2456,0
DA:2458,0
DA:2462,0
DA:2465,0
DA:2472,0
DA:2473,0
DA:2478,0
DA:2479,0
DA:2482,0
DA:2484,0
DA:2486,0
DA:2490,0
DA:2494,0
DA:2495,0
DA:2498,0
DA:2500,0
DA:2502,0
DA:2506,0
DA:2510,0
DA:2519,0
DA:2520,0
DA:2523,0
DA:2524,0
DA:2527,0
DA:2530,0
DA:2532,0
DA:2533,0
DA:2534,0
DA:2535,0
DA:2536,0
DA:2537,0
DA:2539,0
DA:2540,0
DA:2541,0
DA:2543,0
DA:2544,0
DA:2547,0
DA:2549,0
DA:2551,0
DA:2554,0
DA:2557,0
DA:2558,0
DA:2559,0
DA:2561,0
DA:2570,0
DA:2571,0
DA:2573,0
DA:2574,0
DA:2575,0
DA:2576,0
DA:2580,0
DA:2583,0
DA:2584,0
DA:2586,0
DA:2587,0
DA:2588,0
DA:2589,0
DA:2592,0
DA:2593,0
DA:2594,0
DA:2595,0
DA:2597,0
DA:2602,0
DA:2607,0
DA:2610,0
DA:2612,0
DA:2613,0
DA:2614,0
DA:2615,0
DA:2619,0
DA:2623,0
DA:2624,0
DA:2625,0
DA:2628,0
DA:2629,0
DA:2634,0
DA:2643,0
DA:2644,0
DA:2649,0
DA:2650,0
DA:2651,0
DA:2652,0
DA:2655,0
DA:2656,0
DA:2657,0
DA:2658,0
DA:2660,0
DA:2662,0
DA:2664,0
DA:2666,0
DA:2667,0
DA:2668,0
DA:2672,0
DA:2673,0
DA:2675,0
DA:2677,0
DA:2679,0
DA:2687,0
DA:2688,0
DA:2693,0
DA:2696,0
DA:2699,0
DA:2700,0
DA:2702,0
DA:2706,0
DA:2708,0
DA:2711,0
DA:2712,0
DA:2713,0
DA:2715,0
DA:2716,0
DA:2717,0
DA:2718,0
DA:2719,0
DA:2720,0
DA:2722,0
DA:2725,0
DA:2726,0
DA:2729,0
DA:2730,0
DA:2733,0
DA:2736,0
DA:2737,0
DA:2738,0
DA:2741,0
DA:2742,0
DA:2743,0
DA:2745,0
DA:2746,0
DA:2749,0
DA:2750,0
DA:2752,0
DA:2756,0
DA:2757,0
DA:2759,0
DA:2760,0
DA:2761,0
DA:2762,0
DA:2763,0
DA:2767,0
DA:2771,0
DA:2772,0
DA:2775,0
DA:2776,0
DA:2778,0
DA:2779,0
DA:2780,0
DA:2782,0
DA:2783,0
DA:2786,0
DA:2787,0
DA:2790,0
DA:2794,0
DA:2797,0
DA:2798,0
DA:2799,0
DA:2807,0
DA:2809,0
DA:2810,0
DA:2811,0
DA:2822,0
DA:2823,0
DA:2834,0
DA:2836,0
DA:2845,0
DA:2846,0
DA:2848,0
DA:2849,0
DA:2852,0
DA:2853,0
DA:2864,0
DA:2865,0
DA:2878,0
DA:2880,0
DA:2885,0
DA:2886,0
DA:2887,0
DA:2892,0
DA:2893,0
DA:2897,0
DA:2899,0
DA:2900,0
DA:2906,0
DA:2907,0
DA:2908,0
DA:2913,0
DA:2914,0
DA:2915,0
DA:2919,0
DA:2920,0
DA:2921,0
DA:2923,0
DA:2927,0
DA:2928,0
DA:2929,0
DA:2930,0
DA:2934,0
DA:2935,0
DA:2938,0
DA:2941,0
DA:2944,0
DA:2949,0
DA:2952,0
DA:2955,0
DA:2961,0
DA:2964,0
DA:2965,0
DA:2968,0
DA:2970,0
DA:2973,0
DA:2976,0
DA:2979,0
DA:2984,0
DA:2986,0
DA:2987,0
DA:2990,0
DA:2991,0
DA:2994,0
DA:2995,0
DA:2998,0
DA:2999,0
DA:3002,0
DA:3003,0
DA:3004,0
DA:3007,0
DA:3010,0
DA:3011,0
DA:3013,0
DA:3014,0
DA:3018,0
DA:3019,0
DA:3025,0
DA:3028,0
DA:3032,0
DA:3034,0
DA:3035,0
DA:3046,0
DA:3053,0
DA:3054,0
DA:3055,0
DA:3058,0
DA:3061,0
DA:3062,0
DA:3063,0
DA:3064,0
DA:3065,0
DA:3066,0
DA:3068,0
DA:3072,0
DA:3073,0
DA:3076,0
DA:3077,0
DA:3078,0
DA:3079,0
DA:3080,0
DA:3081,0
DA:3083,0
DA:3084,0
DA:3086,0
DA:3090,0
DA:3094,0
DA:3097,0
DA:3099,0
DA:3100,0
DA:3101,0
DA:3102,0
DA:3103,0
DA:3106,0
DA:3107,0
DA:3108,0
DA:3109,0
DA:3111,0
DA:3113,0
DA:3114,0
DA:3115,0
DA:3118,0
DA:3119,0
DA:3121,0
DA:3122,0
DA:3125,0
DA:3126,0
DA:3129,0
DA:3130,0
DA:3131,0
DA:3132,0
DA:3133,0
DA:3134,0
DA:3135,0
DA:3137,0
DA:3142,0
DA:3143,0
DA:3144,0
DA:3147,0
DA:3148,0
DA:3149,0
DA:3150,0
DA:3153,0
DA:3154,0
DA:3155,0
DA:3157,0
DA:3158,0
DA:3161,0
DA:3175,0
DA:3178,0
DA:3180,0
DA:3182,0
DA:3183,0
DA:3187,0
DA:3190,0
DA:3192,0
DA:3193,0
DA:3195,0
DA:3196,0
DA:3198,0
DA:3199,0
DA:3201,0
DA:3205,0
DA:3206,0
DA:3207,0
DA:3209,0
DA:3211,0
DA:3213,0
DA:3214,0
DA:3216,0
DA:3220,0
DA:3221,0
DA:3223,0
DA:3224,0
DA:3226,0
DA:3227,0
DA:3228,0
DA:3229,0
DA:3230,0
DA:3231,0
DA:3232,0
DA:3234,0
DA:3235,0
DA:3240,0
DA:3241,0
DA:3242,0
DA:3243,0
DA:3245,0
DA:3246,0
DA:3248,0
DA:3249,0
DA:3254,0
DA:3255,0
DA:3258,0
DA:3259,0
DA:3263,0
DA:3266,0
DA:3277,0
DA:3278,0
DA:3280,0
DA:3281,0
DA:3282,0
DA:3289,0
DA:3301,0
DA:3302,0
DA:3305,0
DA:3310,0
DA:3312,0
DA:3318,0
DA:3319,0
DA:3324,0
DA:3336,0
DA:3347,0
DA:3348,0
DA:3350,0
DA:3351,0
DA:3352,0
DA:3359,0
DA:3371,0
DA:3372,0
DA:3375,0
DA:3380,0
DA:3382,0
DA:3383,0
DA:3388,0
DA:3395,0
DA:3406,0
DA:3407,0
DA:3408,0
DA:3409,0
DA:3411,0
DA:3413,0
DA:3414,0
DA:3418,0
DA:3422,0
DA:3423,0
DA:3424,0
DA:3425,0
DA:3430,0
DA:3440,0
DA:3443,0
DA:3447,0
DA:3449,0
DA:3450,0
DA:3453,0
DA:3456,0
DA:3457,0
DA:3458,0
DA:3461,0
DA:3464,0
DA:3468,0
DA:3469,0
DA:3470,0
DA:3471,0
DA:3472,0
DA:3473,0
DA:3475,0
DA:3480,0
DA:3481,0
DA:3482,0
DA:3483,0
DA:3485,0
DA:3489,0
DA:3494,0
DA:3498,0
DA:3499,0
DA:3502,0
DA:3503,0
DA:3506,0
DA:3507,0
DA:3508,0
DA:3509,0
DA:3511,0
DA:3514,0
DA:3515,0
DA:3516,0
DA:3517,0
DA:3519,0
DA:3524,0
DA:3525,0
DA:3527,0
DA:3533,0
DA:3535,0
DA:3536,0
DA:3537,0
DA:3540,0
DA:3541,0
DA:3542,0
DA:3543,0
DA:3544,0
DA:3546,0
DA:3550,0
DA:3551,0
DA:3552,0
DA:3553,0
DA:3555,0
DA:3560,0
DA:3561,0
DA:3562,0
DA:3563,0
DA:3565,0
DA:3568,0
DA:3569,0
DA:3570,0
DA:3571,0
DA:3573,0
DA:3575,0
DA:3576,0
DA:3577,0
DA:3578,0
DA:3580,0
DA:3585,0
DA:3586,0
DA:3587,0
DA:3589,0
DA:3593,0
DA:3594,0
DA:3595,0
DA:3597,0
DA:3603,0
DA:3604,0
DA:3605,0
DA:3607,0
DA:3610,0
DA:3615,0
DA:3616,0
DA:3617,0
DA:3620,0
DA:3621,0
DA:3622,0
DA:3624,0
DA:3625,0
DA:3626,0
DA:3628,0
DA:3630,0
DA:3631,0
DA:3632,0
DA:3635,0
DA:3636,0
DA:3637,0
DA:3638,0
DA:3643,0
DA:3644,0
DA:3647,0
DA:3650,0
DA:3651,0
DA:3652,0
DA:3655,0
DA:3656,0
DA:3657,0
DA:3659,0
DA:3660,0
DA:3661,0
DA:3662,0
DA:3666,0
DA:3667,0
DA:3668,0
DA:3669,0
DA:3670,0
DA:3671,0
DA:3673,0
DA:3677,0
DA:3678,0
DA:3680,0
DA:3681,0
DA:3682,0
DA:3683,0
DA:3686,0
DA:3687,0
DA:3688,0
DA:3689,0
DA:3691,0
DA:3692,0
DA:3697,0
DA:3698,0
DA:3701,0
DA:3702,0
DA:3703,0
DA:3705,0
DA:3706,0
DA:3707,0
DA:3708,0
DA:3713,0
DA:3715,0
DA:3717,0
DA:3719,0
DA:3723,0
DA:3724,0
DA:3725,0
DA:3727,0
DA:3728,0
DA:3729,0
DA:3730,0
DA:3733,0
DA:3734,0
DA:3735,0
DA:3737,0
DA:3738,0
DA:3739,0
DA:3743,0
DA:3744,0
DA:3749,0
DA:3750,0
DA:3751,0
DA:3752,0
DA:3753,0
DA:3755,0
DA:3756,0
DA:3757,0
DA:3759,0
DA:3760,0
DA:3761,0
DA:3763,0
DA:3764,0
DA:3765,0
DA:3766,0
DA:3769,0
DA:3773,0
DA:3774,0
DA:3775,0
DA:3781,0
DA:3782,0
DA:3787,0
DA:3788,0
DA:3793,0
DA:3794,0
DA:3797,0
DA:3798,0
DA:3799,0
DA:3802,0
DA:3803,0
DA:3805,0
DA:3806,0
DA:3807,0
DA:3808,0
DA:3811,0
DA:3812,0
DA:3813,0
DA:3818,0
DA:3819,0
DA:3823,0
DA:3824,0
DA:3826,0
DA:3830,0
DA:3832,0
DA:3833,0
DA:3834,0
DA:3835,0
DA:3838,0
DA:3841,0
DA:3842,0
DA:3845,0
DA:3846,0
DA:3849,0
DA:3850,0
DA:3851,0
DA:3852,0
DA:3856,0
DA:3860,0
DA:3864,0
DA:3868,0
DA:3869,0
DA:3870,0
DA:3871,0
DA:3872,0
DA:3874,0
DA:3875,0
DA:3878,0
DA:3879,0
DA:3882,0
DA:3883,0
DA:3886,0
DA:3890,0
DA:3891,0
DA:3894,0
DA:3901,0
DA:3908,0
DA:3909,0
DA:3910,0
DA:3912,0
DA:3916,0
DA:3925,0
DA:3927,0
DA:3934,0
DA:3937,0
DA:3938,0
DA:3939,0
DA:3941,0
DA:3948,0
DA:3950,0
DA:3953,0
DA:3954,0
DA:3955,0
DA:3957,0
DA:3961,0
DA:3962,0
DA:3965,0
DA:3966,0
DA:3970,0
DA:3971,0
DA:3974,0
DA:3975,0
DA:3978,0
DA:3982,0
DA:3983,0
DA:3984,0
DA:3986,0
DA:3990,0
DA:3993,0
DA:3996,0
DA:3997,0
DA:4003,0
DA:4005,0
DA:4006,0
DA:4007,0
DA:4010,0
DA:4013,0
DA:4023,0
DA:4025,0
DA:4027,0
DA:4031,0
DA:4032,0
DA:4035,0
DA:4040,0
DA:4043,0
DA:4054,0
DA:4056,0
DA:4057,0
DA:4060,0
DA:4061,0
DA:4066,0
DA:4067,0
DA:4068,0
DA:4070,0
DA:4077,0
DA:4080,0
DA:4089,0
DA:4091,0
DA:4098,0
DA:4101,0
DA:4110,0
DA:4112,0
DA:4119,0
DA:4122,0
DA:4132,0
DA:4134,0
DA:4141,0
DA:4145,0
DA:4155,0
DA:4157,0
DA:4164,0
DA:4167,0
DA:4177,0
DA:4180,0
DA:4187,0
DA:4190,0
DA:4200,0
DA:4203,0
DA:4210,0
DA:4213,0
DA:4222,0
DA:4224,0
DA:4228,0
DA:4229,0
DA:4231,0
DA:4234,0
DA:4239,0
DA:4242,0
DA:4251,0
DA:4253,0
DA:4257,0
DA:4258,0
DA:4260,0
DA:4263,0
DA:4268,0
DA:4271,0
DA:4280,0
DA:4282,0
DA:4289,0
DA:4292,0
DA:4301,0
DA:4303,0
DA:4307,0
DA:4308,0
DA:4310,0
DA:4313,0
DA:4318,0
DA:4321,0
DA:4330,0
DA:4332,0
DA:4339,0
DA:4342,0
DA:4351,0
DA:4353,0
DA:4360,0
DA:4363,0
DA:4374,0
DA:4376,0
DA:4379,0
DA:4386,0
DA:4389,0
DA:4399,0
DA:4401,0
DA:4403,0
DA:4406,0
DA:4408,0
DA:4411,0
DA:4413,0
DA:4418,0
DA:4421,0
DA:4423,0
DA:4434,0
DA:4436,0
DA:4438,0
DA:4439,0
DA:4442,0
DA:4443,0
DA:4446,0
DA:4448,0
DA:4452,0
DA:4457,0
DA:4460,0
DA:4462,0
DA:4473,0
DA:4475,0
DA:4476,0
DA:4478,0
DA:4479,0
DA:4482,0
DA:4484,0
DA:4485,0
DA:4486,0
DA:4488,0
DA:4489,0
DA:4490,0
DA:4493,0
DA:4494,0
DA:4496,0
DA:4498,0
DA:4499,0
DA:4501,0
DA:4502,0
DA:4504,0
DA:4505,0
DA:4506,0
DA:4507,0
DA:4509,0
DA:4513,0
DA:4518,0
DA:4521,0
DA:4523,0
DA:4534,0
DA:4536,0
DA:4537,0
DA:4540,0
DA:4541,0
DA:4543,0
DA:4544,0
DA:4547,0
DA:4548,0
DA:4549,0
DA:4550,0
DA:4551,0
DA:4554,0
DA:4559,0
DA:4562,0
DA:4564,0
DA:4575,0
DA:4577,0
DA:4578,0
DA:4579,0
DA:4580,0
DA:4582,0
DA:4583,0
DA:4586,0
DA:4587,0
DA:4588,0
DA:4591,0
DA:4592,0
DA:4593,0
DA:4595,0
DA:4598,0
DA:4603,0
DA:4606,0
DA:4618,0
DA:4620,0
DA:4621,0
DA:4624,0
DA:4632,0
DA:4637,0
DA:4640,0
DA:4642,0
DA:4654,0
DA:4656,0
DA:4657,0
DA:4660,0
DA:4662,0
DA:4669,0
DA:4672,0
DA:4674,0
DA:4686,0
DA:4688,0
DA:4689,0
DA:4692,0
DA:4693,0
DA:4696,0
DA:4697,0
DA:4699,0
DA:4700,0
DA:4703,0
DA:4704,0
DA:4705,0
DA:4708,0
DA:4709,0
DA:4710,0
DA:4712,0
DA:4715,0
DA:4716,0
DA:4717,0
DA:4719,0
DA:4722,0
DA:4727,0
DA:4730,0
DA:4732,0
DA:4748,0
DA:4750,0
DA:4753,0
DA:4754,0
DA:4757,0
DA:4758,0
DA:4759,0
DA:4761,0
DA:4764,0
DA:4765,0
DA:4768,0
DA:4775,0
DA:4776,0
DA:4777,0
DA:4778,0
DA:4779,0
DA:4782,0
DA:4783,0
DA:4784,0
DA:4786,0
DA:4787,0
DA:4789,0
DA:4792,0
DA:4797,0
DA:4799,0
DA:4805,0
DA:4806,0
DA:4807,0
DA:4809,0
DA:4814,0
DA:4815,0
DA:4817,0
DA:4821,0
DA:4824,0
DA:4825,0
DA:4827,0
DA:4828,0
DA:4831,0
DA:4835,0
DA:4836,0
DA:4837,0
DA:4838,0
DA:4840,0
DA:4845,0
DA:4849,0
DA:4851,0
DA:4852,0
DA:4853,0
DA:4856,0
DA:4857,0
DA:4866,0
DA:4870,0
DA:4871,0
DA:4874,0
DA:4875,0
DA:4876,0
DA:4881,0
DA:4888,0
DA:4894,0
DA:4897,0
DA:4898,0
DA:4909,0
DA:4913,0
DA:4914,0
DA:4917,0
DA:4918,0
DA:4921,0
DA:4922,0
DA:4923,0
DA:4925,0
DA:4928,0
DA:4929,0
DA:4931,0
DA:4932,0
DA:4941,0
DA:4942,0
DA:4945,0
DA:4950,0
DA:4957,0
DA:4963,0
DA:4966,0
DA:4968,0
DA:4969,0
DA:4971,0
DA:4972,0
DA:4973,0
DA:4974,0
DA:4975,0
DA:4978,0
DA:4980,0
DA:4981,0
DA:4982,0
DA:4984,0
DA:4987,0
DA:4990,0
DA:4991,0
DA:4992,0
DA:4995,0
DA:4996,0
DA:4997,0
DA:5000,0
DA:5002,0
DA:5005,0
DA:5007,0
DA:5009,0
DA:5011,0
DA:5013,0
DA:5015,0
DA:5017,0
DA:5020,0
DA:5023,0
DA:5029,0
DA:5031,0
DA:5032,0
DA:5033,0
DA:5035,0
DA:5039,0
DA:5040,0
DA:5041,0
DA:5042,0
DA:5046,0
DA:5049,0
DA:5052,0
DA:5053,0
DA:5054,0
DA:5055,0
DA:5061,0
DA:5064,0
DA:5065,0
DA:5066,0
DA:5067,0
DA:5068,0
DA:5069,0
DA:5070,0
DA:5071,0
DA:5072,0
DA:5073,0
DA:5074,0
DA:5075,0
DA:5076,0
DA:5077,0
DA:5078,0
DA:5079,0
DA:5080,0
DA:5081,0
DA:5082,0
DA:5083,0
DA:5084,0
DA:5085,0
DA:5086,0
DA:5087,0
DA:5089,0
DA:5091,0
DA:5092,0
DA:5093,0
DA:5094,0
DA:5095,0
DA:5096,0
DA:5097,0
DA:5098,0
DA:5099,0
DA:5100,0
DA:5101,0
DA:5102,0
DA:5103,0
DA:5104,0
DA:5105,0
DA:5106,0
DA:5108,0
DA:5110,0
DA:5112,0
DA:5115,0
DA:5116,0
DA:5119,0
DA:5123,0
DA:5124,0
DA:5125,0
DA:5127,0
DA:5128,0
DA:5129,0
DA:5130,0
DA:5134,0
DA:5135,0
DA:5136,0
DA:5137,0
DA:5140,0
DA:5143,0
DA:5144,0
DA:5147,0
DA:5148,0
DA:5151,0
DA:5152,0
DA:5153,0
DA:5154,0
DA:5156,0
DA:5157,0
DA:5158,0
DA:5159,0
DA:5160,0
DA:5162,0
DA:5164,0
DA:5165,0
DA:5168,0
DA:5169,0
DA:5170,0
DA:5171,0
DA:5172,0
DA:5174,0
DA:5177,0
DA:5180,0
DA:5182,0
DA:5185,0
DA:5186,0
DA:5187,0
DA:5188,0
DA:5190,0
DA:5191,0
DA:5192,0
DA:5193,0
DA:5194,0
DA:5195,0
DA:5197,0
DA:5198,0
DA:5200,0
DA:5202,0
DA:5204,0
DA:5205,0
DA:5207,0
DA:5210,0
DA:5211,0
DA:5212,0
DA:5213,0
DA:5215,0
DA:5216,0
DA:5217,0
DA:5218,0
DA:5219,0
DA:5220,0
DA:5222,0
DA:5223,0
DA:5225,0
DA:5227,0
DA:5229,0
DA:5230,0
DA:5232,0
DA:5235,0
DA:5236,0
DA:5239,0
DA:5243,0
DA:5245,0
DA:5246,0
DA:5249,0
DA:5250,0
DA:5251,0
DA:5253,0
DA:5254,0
DA:5255,0
DA:5257,0
DA:5260,0
DA:5263,0
DA:5265,0
DA:5268,0
DA:5269,0
DA:5270,0
DA:5271,0
DA:5273,0
DA:5274,0
DA:5277,0
DA:5280,0
DA:5281,0
DA:5282,0
DA:5284,0
DA:5285,0
DA:5288,0
DA:5289,0
DA:5290,0
DA:5292,0
DA:5293,0
DA:5297,0
DA:5299,0
DA:5300,0
DA:5303,0
DA:5306,0
DA:5307,0
DA:5308,0
DA:5309,0
DA:5310,0
DA:5312,0
DA:5316,0
DA:5317,0
DA:5318,0
DA:5319,0
DA:5321,0
DA:5322,0
DA:5328,0
DA:5329,0
DA:5332,0
DA:5333,0
DA:5337,0
DA:5341,0
DA:5344,0
DA:5346,0
DA:5347,0
DA:5348,0
DA:5349,0
DA:5352,0
DA:5355,0
DA:5356,0
DA:5359,0
DA:5360,0
DA:5363,0
DA:5364,0
DA:5365,0
DA:5366,0
DA:5370,0
DA:5372,0
DA:5373,0
DA:5374,0
DA:5375,0
DA:5379,0
DA:5381,0
DA:5382,0
DA:5385,0
DA:5386,0
DA:5387,0
DA:5388,0
DA:5390,0
DA:5392,0
DA:5399,0
DA:5400,0
DA:5401,0
DA:5402,0
DA:5403,0
DA:5404,0
DA:5405,0
DA:5406,0
DA:5407,0
DA:5408,0
DA:5409,0
DA:5410,0
DA:5412,0
DA:5413,0
DA:5415,0
DA:5418,0
DA:5419,0
DA:5420,0
DA:5421,0
DA:5423,0
DA:5424,0
DA:5427,0
DA:5428,0
DA:5429,0
DA:5431,0
DA:5435,0
DA:5436,0
DA:5439,0
DA:5440,0
DA:5443,0
DA:5444,0
DA:5445,0
DA:5446,0
DA:5447,0
DA:5449,0
DA:5450,0
DA:5451,0
DA:5453,0
DA:5455,0
DA:5456,0
DA:5458,0
DA:5459,0
DA:5460,0
DA:5462,0
DA:5466,0
DA:5467,0
DA:5469,0
DA:5473,0
DA:5474,0
DA:5476,0
DA:5479,0
DA:5480,0
DA:5483,0
DA:5484,0
DA:5485,0
DA:5486,0
DA:5489,0
DA:5491,0
DA:5492,0
DA:5493,0
DA:5494,0
DA:5498,0
DA:5499,0
DA:5503,0
DA:5504,0
DA:5505,0
DA:5507,0
DA:5508,0
DA:5509,0
DA:5510,0
DA:5513,0
DA:5514,0
DA:5515,0
DA:5518,0
DA:5519,0
DA:5522,0
DA:5523,0
DA:5526,0
DA:5527,0
DA:5531,0
DA:5532,0
DA:5536,0
DA:5537,0
DA:5538,0
DA:5542,0
DA:5543,0
DA:5545,0
DA:5546,0
DA:5549,0
DA:5551,0
DA:5552,0
DA:5553,0
DA:5557,0
DA:5558,0
DA:5559,0
DA:5564,0
DA:5567,0
DA:5570,0
DA:5572,0
DA:5573,0
DA:5574,0
DA:5575,0
DA:5576,0
DA:5581,0
DA:5582,0
DA:5584,0
DA:5585,0
DA:5588,0
DA:5589,0
DA:5592,0
DA:5593,0
DA:5596,0
DA:5599,0
DA:5600,0
DA:5602,0
DA:5603,0
DA:5604,0
DA:5605,0
DA:5606,0
DA:5607,0
DA:5610,0
DA:5618,0
DA:5619,0
DA:5620,0
DA:5623,0
DA:5624,0
DA:5625,0
DA:5627,0
DA:5631,0
DA:5633,0
DA:5640,0
DA:5644,0
DA:5645,0
DA:5667,0
DA:5681,0
DA:5696,0
DA:5712,0
DA:5726,0
DA:5742,0
DA:5755,0
DA:5768,0
DA:5783,0
DA:5798,0
DA:5810,0
DA:5829,0
DA:5840,0
DA:5851,0
DA:5864,0
DA:5878,0
DA:5890,0
DA:5912,0
DA:5913,0
DA:5925,0
DA:5926,0
DA:5935,0
DA:5936,0
DA:5947,0
DA:5948,0
DA:5959,0
DA:5960,0
DA:5972,0
DA:5973,0
DA:5976,0
DA:5979,0
DA:5981,0
DA:5982,0
DA:5984,0
DA:5985,0
DA:5995,0
DA:5996,0
DA:5997,0
DA:5999,0
DA:6003,0
DA:6007,0
DA:6008,0
DA:6015,0
DA:6021,0
DA:6022,0
DA:6023,0
DA:6025,0
DA:6029,0
DA:6030,0
DA:6031,0
DA:6032,0
DA:6033,0
DA:6034,0
DA:6035,0
DA:6036,0
DA:6037,0
DA:6038,0
DA:6039,0
DA:6043,0
DA:6044,0
DA:6045,0
DA:6048,0
DA:6059,0
DA:6071,0
DA:6072,0
DA:6074,0
DA:6076,0
DA:6081,0
DA:6082,0
DA:6083,0
DA:6086,0
DA:6088,0
DA:6089,0
DA:6091,0
DA:6092,0
DA:6093,0
DA:6095,0
DA:6099,0
DA:6102,0
DA:6103,0
DA:6108,0
DA:6109,0
DA:6112,0
DA:6113,0
DA:6116,0
DA:6117,0
DA:6119,0
DA:6120,0
DA:6121,0
DA:6127,0
DA:6130,0
DA:6133,0
DA:6134,0
DA:6135,0
DA:6140,0
DA:6143,0
DA:6146,0
DA:6148,0
DA:6149,0
DA:6152,0
DA:6153,0
DA:6155,0
DA:6156,0
DA:6157,0
DA:6160,0
DA:6161,0
DA:6163,0
DA:6164,0
DA:6165,0
DA:6166,0
DA:6168,0
DA:6169,0
DA:6170,0
DA:6171,0
DA:6172,0
DA:6173,0
DA:6178,0
DA:6179,0
DA:6182,0
DA:6186,0
DA:6189,0
DA:6191,0
DA:6194,0
DA:6195,0
DA:6196,0
DA:6197,0
DA:6199,0
DA:6200,0
DA:6203,0
DA:6205,0
DA:6206,0
DA:6209,0
DA:6210,0
DA:6213,0
DA:6214,0
DA:6217,0
DA:6218,0
DA:6219,0
DA:6221,0
DA:6225,0
DA:6227,0
DA:6228,0
DA:6231,0
DA:6232,0
DA:6235,0
DA:6236,0
DA:6237,0
DA:6240,0
DA:6241,0
DA:6242,0
DA:6247,0
DA:6251,0
DA:6253,0
DA:6256,0
DA:6257,0
DA:6259,0
DA:6260,0
DA:6263,0
DA:6264,0
DA:6267,0
DA:6269,0
DA:6270,0
DA:6273,0
DA:6274,0
DA:6277,0
DA:6278,0
DA:6281,0
DA:6283,0
DA:6286,0
DA:6287,0
DA:6290,0
DA:6291,0
DA:6292,0
DA:6295,0
DA:6296,0
DA:6300,0
DA:6304,0
DA:6306,0
DA:6308,0
DA:6311,0
DA:6312,0
DA:6313,0
DA:6316,0
DA:6317,0
DA:6318,0
DA:6319,0
DA:6320,0
DA:6325,0
DA:6328,0
DA:6329,0
DA:6330,0
DA:6331,0
DA:6332,0
DA:6337,0
DA:6340,0
DA:6346,0
DA:6354,0
DA:6355,0
DA:6356,0
DA:6357,0
DA:6359,0
DA:6360,0
DA:6361,0
DA:6362,0
DA:6368,0
DA:6369,0
DA:6371,0
DA:6372,0
DA:6375,0
DA:6376,0
DA:6385,0
DA:6386,0
DA:6394,0
DA:6395,0
DA:6396,0
DA:6405,0
DA:6406,0
DA:6407,0
DA:6409,0
DA:6418,0
DA:6419,0
DA:6420,0
DA:6421,0
DA:6423,0
DA:6432,0
DA:6433,0
DA:6434,0
DA:6435,0
DA:6437,0
DA:6446,0
DA:6447,0
DA:6448,0
DA:6450,0
DA:6451,0
DA:6459,0
DA:6460,0
DA:6461,0
DA:6464,0
DA:6465,0
DA:6468,0
DA:6471,0
DA:6473,0
DA:6475,0
DA:6477,0
DA:6479,0
DA:6480,0
DA:6481,0
DA:6484,0
DA:6485,0
DA:6486,0
DA:6489,0
DA:6509,0
DA:6510,0
DA:6511,0
DA:6512,0
DA:6514,0
DA:6516,0
DA:6518,0
DA:6520,0
DA:6521,0
DA:6529,0
DA:6532,0
DA:6541,0
DA:6542,0
DA:6544,0
DA:6545,0
DA:6551,0
DA:6553,0
DA:6554,0
DA:6562,0
DA:6563,0
DA:6566,0
DA:6569,0
DA:6570,0
DA:6571,0
DA:6575,0
DA:6578,0
DA:6581,0
DA:6583,0
DA:6584,0
DA:6585,0
DA:6586,0
DA:6587,0
DA:6588,0
DA:6589,0
DA:6590,0
DA:6592,0
DA:6593,0
DA:6594,0
DA:6595,0
DA:6597,0
DA:6599,0
DA:6611,0
DA:6621,0
DA:6622,0
DA:6625,0
DA:6626,0
DA:6629,0
DA:6630,0
DA:6631,0
DA:6632,0
DA:6633,0
DA:6636,0
DA:6639,0
DA:6640,0
DA:6643,0
DA:6644,0
DA:6647,0
DA:6648,0
DA:6651,0
DA:6652,0
DA:6655,0
DA:6656,0
DA:6659,0
DA:6660,0
DA:6663,0
DA:6664,0
DA:6668,0
DA:6669,0
DA:6673,0
DA:6674,0
DA:6675,0
DA:6676,0
DA:6677,0
DA:6680,0
DA:6681,0
DA:6684,0
DA:6685,0
DA:6686,0
DA:6689,0
DA:6690,0
DA:6692,0
DA:6696,0
DA:6697,0
DA:6700,0
DA:6701,0
DA:6702,0
DA:6705,0
DA:6706,0
DA:6707,0
DA:6710,0
DA:6713,0
DA:6714,0
DA:6717,0
DA:6718,0
DA:6719,0
DA:6722,0
DA:6729,0
DA:6731,0
DA:6732,0
DA:6735,0
DA:6738,0
DA:6739,0
DA:6740,0
DA:6741,0
DA:6742,0
DA:6743,0
DA:6748,0
DA:6749,0
DA:6750,0
DA:6752,0
DA:6756,0
DA:6759,0
DA:6762,0
DA:6764,0
DA:6767,0
DA:6768,0
DA:6769,0
DA:6773,0
DA:6775,0
DA:6778,0
DA:6779,0
DA:6782,0
DA:6783,0
DA:6787,0
DA:6790,0
DA:6791,0
DA:6793,0
DA:6796,0
DA:6798,0
DA:6799,0
DA:6800,0
DA:6801,0
DA:6802,0
DA:6803,0
DA:6804,0
DA:6805,0
DA:6806,0
DA:6807,0
DA:6808,0
DA:6810,0
DA:6811,0
DA:6812,0
DA:6813,0
DA:6816,0
DA:6817,0
DA:6818,0
DA:6821,0
DA:6822,0
DA:6825,0
DA:6827,0
DA:6831,0
DA:6838,0
DA:6839,0
DA:6840,0
DA:6846,0
DA:6848,0
DA:6849,0
DA:6852,0
DA:6853,0
DA:6854,0
DA:6866,0
DA:6868,0
DA:6870,0
DA:6871,0
DA:6873,0
DA:6875,0
DA:6876,0
DA:6879,0
DA:6881,0
DA:6884,0
DA:6889,0
DA:6891,0
DA:6892,0
DA:6898,0
DA:6902,0
DA:6906,0
DA:6907,0
DA:6908,0
DA:6909,0
DA:6912,0
DA:6915,0
DA:6916,0
DA:6917,0
DA:6918,0
DA:6920,0
DA:6921,0
DA:6922,0
DA:6925,0
DA:6926,0
DA:6927,0
DA:6928,0
DA:6931,0
DA:6935,0
DA:6936,0
DA:6938,0
DA:6939,0
DA:6940,0
DA:6942,0
DA:6943,0
DA:6945,0
DA:6946,0
DA:6948,0
DA:6953,0
DA:6954,0
DA:6957,0
DA:6961,0
DA:6962,0
DA:6964,0
DA:6966,0
DA:6970,0
DA:6972,0
DA:6973,0
DA:6974,0
DA:6975,0
DA:6981,0
DA:6987,0
DA:6988,0
DA:6994,0
DA:6995,0
DA:6997,0
DA:6998,0
DA:7001,0
DA:7002,0
DA:7005,0
DA:7009,0
DA:7012,0
DA:7016,0
DA:7017,0
DA:7019,0
DA:7020,0
DA:7021,0
DA:7025,0
DA:7028,0
DA:7031,0
DA:7032,0
LF:2803
LH:0
BRDA:27,0,0,0
BRDA:27,0,1,0
BRDA:27,1,0,0
BRDA:27,1,1,0
BRDA:27,1,2,0
BRDA:28,2,0,0
BRDA:28,2,1,0
BRDA:35,3,0,0
BRDA:35,3,1,0
BRDA:35,4,0,0
BRDA:35,4,1,0
BRDA:35,4,2,0
BRDA:187,5,0,0
BRDA:187,5,1,0
BRDA:197,6,0,0
BRDA:197,6,1,0
BRDA:197,6,2,0
BRDA:217,7,0,0
BRDA:217,7,1,0
BRDA:217,7,2,0
BRDA:217,7,3,0
BRDA:217,7,4,0
BRDA:217,7,5,0
BRDA:217,7,6,0
BRDA:217,7,7,0
BRDA:217,7,8,0
BRDA:233,8,0,0
BRDA:233,8,1,0
BRDA:236,9,0,0
BRDA:236,9,1,0
BRDA:236,10,0,0
BRDA:236,10,1,0
BRDA:236,10,2,0
BRDA:238,11,0,0
BRDA:238,11,1,0
BRDA:242,12,0,0
BRDA:242,12,1,0
BRDA:242,13,0,0
BRDA:242,13,1,0
BRDA:255,14,0,0
BRDA:255,14,1,0
BRDA:257,15,0,0
BRDA:257,15,1,0
BRDA:257,15,2,0
BRDA:257,15,3,0
BRDA:265,16,0,0
BRDA:265,16,1,0
BRDA:269,17,0,0
BRDA:269,17,1,0
BRDA:273,18,0,0
BRDA:273,18,1,0
BRDA:273,18,2,0
BRDA:277,19,0,0
BRDA:277,19,1,0
BRDA:281,20,0,0
BRDA:281,20,1,0
BRDA:285,21,0,0
BRDA:285,21,1,0
BRDA:288,22,0,0
BRDA:288,22,1,0
BRDA:389,23,0,0
BRDA:389,23,1,0
BRDA:392,24,0,0
BRDA:392,24,1,0
BRDA:409,25,0,0
BRDA:409,25,1,0
BRDA:432,26,0,0
BRDA:432,26,1,0
BRDA:440,27,0,0
BRDA:440,27,1,0
BRDA:446,28,0,0
BRDA:446,28,1,0
BRDA:462,29,0,0
BRDA:462,29,1,0
BRDA:462,30,0,0
BRDA:462,30,1,0
BRDA:478,31,0,0
BRDA:478,31,1,0
BRDA:487,32,0,0
BRDA:487,32,1,0
BRDA:487,33,0,0
BRDA:487,33,1,0
BRDA:503,34,0,0
BRDA:503,34,1,0
BRDA:516,35,0,0
BRDA:516,35,1,0
BRDA:539,36,0,0
BRDA:539,36,1,0
BRDA:554,37,0,0
BRDA:554,37,1,0
BRDA:556,38,0,0
BRDA:556,38,1,0
BRDA:558,39,0,0
BRDA:558,39,1,0
BRDA:559,40,0,0
BRDA:559,40,1,0
BRDA:560,41,0,0
BRDA:560,41,1,0
BRDA:561,42,0,0
BRDA:561,42,1,0
BRDA:562,43,0,0
BRDA:562,43,1,0
BRDA:563,44,0,0
BRDA:563,44,1,0
BRDA:564,45,0,0
BRDA:564,45,1,0
BRDA:566,46,0,0
BRDA:566,46,1,0
BRDA:568,47,0,0
BRDA:568,47,1,0
BRDA:598,48,0,0
BRDA:598,48,1,0
BRDA:603,49,0,0
BRDA:603,49,1,0
BRDA:603,50,0,0
BRDA:603,50,1,0
BRDA:647,51,0,0
BRDA:647,51,1,0
BRDA:652,52,0,0
BRDA:652,52,1,0
BRDA:652,53,0,0
BRDA:652,53,1,0
BRDA:664,54,0,0
BRDA:664,54,1,0
BRDA:669,55,0,0
BRDA:669,55,1,0
BRDA:684,56,0,0
BRDA:684,56,1,0
BRDA:695,57,0,0
BRDA:695,57,1,0
BRDA:699,58,0,0
BRDA:699,58,1,0
BRDA:703,59,0,0
BRDA:703,59,1,0
BRDA:715,60,0,0
BRDA:715,60,1,0
BRDA:732,61,0,0
BRDA:732,61,1,0
BRDA:732,61,2,0
BRDA:738,62,0,0
BRDA:738,62,1,0
BRDA:738,63,0,0
BRDA:738,63,1,0
BRDA:747,64,0,0
BRDA:747,64,1,0
BRDA:748,65,0,0
BRDA:748,65,1,0
BRDA:749,66,0,0
BRDA:749,66,1,0
BRDA:798,67,0,0
BRDA:798,67,1,0
BRDA:801,68,0,0
BRDA:801,68,1,0
BRDA:876,69,0,0
BRDA:876,69,1,0
BRDA:882,70,0,0
BRDA:882,70,1,0
BRDA:890,71,0,0
BRDA:890,71,1,0
BRDA:897,72,0,0
BRDA:897,72,1,0
BRDA:911,73,0,0
BRDA:911,73,1,0
BRDA:915,74,0,0
BRDA:915,74,1,0
BRDA:919,75,0,0
BRDA:919,75,1,0
BRDA:923,76,0,0
BRDA:923,76,1,0
BRDA:927,77,0,0
BRDA:927,77,1,0
BRDA:931,78,0,0
BRDA:931,78,1,0
BRDA:962,79,0,0
BRDA:962,79,1,0
BRDA:969,80,0,0
BRDA:969,80,1,0
BRDA:976,81,0,0
BRDA:976,81,1,0
BRDA:1028,82,0,0
BRDA:1028,82,1,0
BRDA:1064,83,0,0
BRDA:1064,83,1,0
BRDA:1144,84,0,0
BRDA:1144,84,1,0
BRDA:1165,85,0,0
BRDA:1165,85,1,0
BRDA:1167,86,0,0
BRDA:1167,86,1,0
BRDA:1167,87,0,0
BRDA:1167,87,1,0
BRDA:1174,88,0,0
BRDA:1174,88,1,0
BRDA:1176,89,0,0
BRDA:1176,89,1,0
BRDA:1179,90,0,0
BRDA:1179,90,1,0
BRDA:1184,91,0,0
BRDA:1184,91,1,0
BRDA:1185,92,0,0
BRDA:1185,92,1,0
BRDA:1283,93,0,0
BRDA:1283,93,1,0
BRDA:1284,94,0,0
BRDA:1284,94,1,0
BRDA:1307,95,0,0
BRDA:1307,95,1,0
BRDA:1314,96,0,0
BRDA:1314,96,1,0
BRDA:1328,97,0,0
BRDA:1328,97,1,0
BRDA:1349,98,0,0
BRDA:1349,98,1,0
BRDA:1349,99,0,0
BRDA:1349,99,1,0
BRDA:1351,100,0,0
BRDA:1351,100,1,0
BRDA:1354,101,0,0
BRDA:1354,101,1,0
BRDA:1415,102,0,0
BRDA:1415,102,1,0
BRDA:1424,103,0,0
BRDA:1424,103,1,0
BRDA:1451,104,0,0
BRDA:1451,104,1,0
BRDA:1451,105,0,0
BRDA:1451,105,1,0
BRDA:1464,106,0,0
BRDA:1464,106,1,0
BRDA:1470,107,0,0
BRDA:1470,107,1,0
BRDA:1470,108,0,0
BRDA:1470,108,1,0
BRDA:1477,109,0,0
BRDA:1477,109,1,0
BRDA:1477,110,0,0
BRDA:1477,110,1,0
BRDA:1501,111,0,0
BRDA:1501,111,1,0
BRDA:1504,112,0,0
BRDA:1504,112,1,0
BRDA:1547,113,0,0
BRDA:1547,113,1,0
BRDA:1556,114,0,0
BRDA:1556,114,1,0
BRDA:1567,115,0,0
BRDA:1567,115,1,0
BRDA:1569,116,0,0
BRDA:1569,116,1,0
BRDA:1595,117,0,0
BRDA:1595,117,1,0
BRDA:1606,118,0,0
BRDA:1606,118,1,0
BRDA:1624,119,0,0
BRDA:1624,119,1,0
BRDA:1624,120,0,0
BRDA:1624,120,1,0
BRDA:1628,121,0,0
BRDA:1628,121,1,0
BRDA:1639,122,0,0
BRDA:1639,122,1,0
BRDA:1639,123,0,0
BRDA:1639,123,1,0
BRDA:1658,124,0,0
BRDA:1658,124,1,0
BRDA:1666,125,0,0
BRDA:1666,125,1,0
BRDA:1678,126,0,0
BRDA:1678,126,1,0
BRDA:1687,127,0,0
BRDA:1687,127,1,0
BRDA:1697,128,0,0
BRDA:1697,128,1,0
BRDA:1706,129,0,0
BRDA:1706,129,1,0
BRDA:1712,130,0,0
BRDA:1712,130,1,0
BRDA:1719,131,0,0
BRDA:1719,131,1,0
BRDA:1724,132,0,0
BRDA:1724,132,1,0
BRDA:1726,133,0,0
BRDA:1726,133,1,0
BRDA:1728,134,0,0
BRDA:1728,134,1,0
BRDA:1742,135,0,0
BRDA:1742,135,1,0
BRDA:1742,136,0,0
BRDA:1742,136,1,0
BRDA:1745,137,0,0
BRDA:1745,137,1,0
BRDA:1762,138,0,0
BRDA:1762,138,1,0
BRDA:1882,139,0,0
BRDA:1882,139,1,0
BRDA:1892,140,0,0
BRDA:1892,140,1,0
BRDA:1893,141,0,0
BRDA:1893,141,1,0
BRDA:1896,142,0,0
BRDA:1896,142,1,0
BRDA:1897,143,0,0
BRDA:1897,143,1,0
BRDA:1900,144,0,0
BRDA:1900,144,1,0
BRDA:1901,145,0,0
BRDA:1901,145,1,0
BRDA:1904,146,0,0
BRDA:1904,146,1,0
BRDA:1905,147,0,0
BRDA:1905,147,1,0
BRDA:1908,148,0,0
BRDA:1908,148,1,0
BRDA:1914,149,0,0
BRDA:1914,149,1,0
BRDA:1914,150,0,0
BRDA:1914,150,1,0
BRDA:1934,151,0,0
BRDA:1934,151,1,0
BRDA:1950,152,0,0
BRDA:1950,152,1,0
BRDA:1956,153,0,0
BRDA:1956,153,1,0
BRDA:1978,154,0,0
BRDA:1978,154,1,0
BRDA:1982,155,0,0
BRDA:1982,155,1,0
BRDA:1988,156,0,0
BRDA:1988,156,1,0
BRDA:2008,157,0,0
BRDA:2008,157,1,0
BRDA:2008,158,0,0
BRDA:2008,158,1,0
BRDA:2008,158,2,0
BRDA:2012,159,0,0
BRDA:2012,159,1,0
BRDA:2012,160,0,0
BRDA:2012,160,1,0
BRDA:2016,161,0,0
BRDA:2016,161,1,0
BRDA:2049,162,0,0
BRDA:2049,162,1,0
BRDA:2049,163,0,0
BRDA:2049,163,1,0
BRDA:2049,163,2,0
BRDA:2053,164,0,0
BRDA:2053,164,1,0
BRDA:2053,165,0,0
BRDA:2053,165,1,0
BRDA:2057,166,0,0
BRDA:2057,166,1,0
BRDA:2078,167,0,0
BRDA:2078,167,1,0
BRDA:2082,168,0,0
BRDA:2082,168,1,0
BRDA:2090,169,0,0
BRDA:2090,169,1,0
BRDA:2094,170,0,0
BRDA:2094,170,1,0
BRDA:2102,171,0,0
BRDA:2102,171,1,0
BRDA:2105,172,0,0
BRDA:2105,172,1,0
BRDA:2105,173,0,0
BRDA:2105,173,1,0
BRDA:2124,174,0,0
BRDA:2124,174,1,0
BRDA:2124,175,0,0
BRDA:2124,175,1,0
BRDA:2167,176,0,0
BRDA:2167,176,1,0
BRDA:2202,177,0,0
BRDA:2202,177,1,0
BRDA:2287,178,0,0
BRDA:2287,178,1,0
BRDA:2303,179,0,0
BRDA:2303,179,1,0
BRDA:2320,180,0,0
BRDA:2320,180,1,0
BRDA:2325,181,0,0
BRDA:2325,181,1,0
BRDA:2333,182,0,0
BRDA:2333,182,1,0
BRDA:2346,183,0,0
BRDA:2346,183,1,0
BRDA:2346,183,2,0
BRDA:2380,184,0,0
BRDA:2380,184,1,0
BRDA:2455,185,0,0
BRDA:2455,185,1,0
BRDA:2465,186,0,0
BRDA:2465,186,1,0
BRDA:2465,186,2,0
BRDA:2465,186,3,0
BRDA:2478,187,0,0
BRDA:2478,187,1,0
BRDA:2494,188,0,0
BRDA:2494,188,1,0
BRDA:2540,189,0,0
BRDA:2540,189,1,0
BRDA:2549,190,0,0
BRDA:2549,190,1,0
BRDA:2557,191,0,0
BRDA:2557,191,1,0
BRDA:2558,192,0,0
BRDA:2558,192,1,0
BRDA:2559,193,0,0
BRDA:2559,193,1,0
BRDA:2570,194,0,0
BRDA:2570,194,1,0
BRDA:2592,195,0,0
BRDA:2592,195,1,0
BRDA:2593,196,0,0
BRDA:2593,196,1,0
BRDA:2613,197,0,0
BRDA:2613,197,1,0
BRDA:2628,198,0,0
BRDA:2628,198,1,0
BRDA:2649,199,0,0
BRDA:2649,199,1,0
BRDA:2650,200,0,0
BRDA:2650,200,1,0
BRDA:2650,201,0,0
BRDA:2650,201,1,0
BRDA:2680,202,0,0
BRDA:2680,202,1,0
BRDA:2680,202,2,0
BRDA:2667,203,0,0
BRDA:2667,203,1,0
BRDA:2673,204,0,0
BRDA:2673,204,1,0
BRDA:2677,205,0,0
BRDA:2677,205,1,0
BRDA:2687,206,0,0
BRDA:2687,206,1,0
BRDA:2711,207,0,0
BRDA:2711,207,1,0
BRDA:2711,207,2,0
BRDA:2715,208,0,0
BRDA:2715,208,1,0
BRDA:2717,209,0,0
BRDA:2717,209,1,0
BRDA:2717,210,0,0
BRDA:2717,210,1,0
BRDA:2719,211,0,0
BRDA:2719,211,1,0
BRDA:2725,212,0,0
BRDA:2725,212,1,0
BRDA:2725,213,0,0
BRDA:2725,213,1,0
BRDA:2726,214,0,0
BRDA:2726,214,1,0
BRDA:2729,215,0,0
BRDA:2729,215,1,0
BRDA:2729,216,0,0
BRDA:2729,216,1,0
BRDA:2730,217,0,0
BRDA:2730,217,1,0
BRDA:2737,218,0,0
BRDA:2737,218,1,0
BRDA:2737,219,0,0
BRDA:2737,219,1,0
BRDA:2745,220,0,0
BRDA:2745,220,1,0
BRDA:2757,221,0,0
BRDA:2757,221,1,0
BRDA:2760,222,0,0
BRDA:2760,222,1,0
BRDA:2760,223,0,0
BRDA:2760,223,1,0
BRDA:2762,224,0,0
BRDA:2762,224,1,0
BRDA:2771,225,0,0
BRDA:2771,225,1,0
BRDA:2779,226,0,0
BRDA:2779,226,1,0
BRDA:2786,227,0,0
BRDA:2786,227,1,0
BRDA:2809,228,0,0
BRDA:2809,228,1,0
BRDA:2845,229,0,0
BRDA:2845,229,1,0
BRDA:2848,230,0,0
BRDA:2848,230,1,0
BRDA:2852,231,0,0
BRDA:2852,231,1,0
BRDA:2919,232,0,0
BRDA:2919,232,1,0
BRDA:2920,233,0,0
BRDA:2920,233,1,0
BRDA:2944,234,0,0
BRDA:2944,234,1,0
BRDA:2970,235,0,0
BRDA:2970,235,1,0
BRDA:2976,236,0,0
BRDA:2976,236,1,0
BRDA:3004,237,0,0
BRDA:3004,237,1,0
BRDA:3010,238,0,0
BRDA:3010,238,1,0
BRDA:3013,239,0,0
BRDA:3013,239,1,0
BRDA:3018,240,0,0
BRDA:3018,240,1,0
BRDA:3018,241,0,0
BRDA:3018,241,1,0
BRDA:3034,242,0,0
BRDA:3034,242,1,0
BRDA:3035,243,0,0
BRDA:3035,243,1,0
BRDA:3053,244,0,0
BRDA:3053,244,1,0
BRDA:3061,245,0,0
BRDA:3061,245,1,0
BRDA:3063,246,0,0
BRDA:3063,246,1,0
BRDA:3065,247,0,0
BRDA:3065,247,1,0
BRDA:3072,248,0,0
BRDA:3072,248,1,0
BRDA:3077,249,0,0
BRDA:3077,249,1,0
BRDA:3078,250,0,0
BRDA:3078,250,1,0
BRDA:3080,251,0,0
BRDA:3080,251,1,0
BRDA:3099,252,0,0
BRDA:3099,252,1,0
BRDA:3100,253,0,0
BRDA:3100,253,1,0
BRDA:3102,254,0,0
BRDA:3102,254,1,0
BRDA:3115,255,0,0
BRDA:3115,255,1,0
BRDA:3121,256,0,0
BRDA:3121,256,1,0
BRDA:3126,257,0,0
BRDA:3126,257,1,0
BRDA:3129,258,0,0
BRDA:3129,258,1,0
BRDA:3134,259,0,0
BRDA:3134,259,1,0
BRDA:3154,260,0,0
BRDA:3154,260,1,0
BRDA:3157,261,0,0
BRDA:3157,261,1,0
BRDA:3167,262,0,0
BRDA:3167,262,1,0
BRDA:3168,263,0,0
BRDA:3168,263,1,0
BRDA:3180,264,0,0
BRDA:3180,264,1,0
BRDA:3193,265,0,0
BRDA:3193,265,1,0
BRDA:3198,266,0,0
BRDA:3198,266,1,0
BRDA:3213,267,0,0
BRDA:3213,267,1,0
BRDA:3241,268,0,0
BRDA:3241,268,1,0
BRDA:3241,269,0,0
BRDA:3241,269,1,0
BRDA:3241,269,2,0
BRDA:3306,270,0,0
BRDA:3306,270,1,0
BRDA:3318,271,0,0
BRDA:3318,271,1,0
BRDA:3376,272,0,0
BRDA:3376,272,1,0
BRDA:3382,273,0,0
BRDA:3382,273,1,0
BRDA:3413,274,0,0
BRDA:3413,274,1,0
BRDA:3431,275,0,0
BRDA:3431,275,1,0
BRDA:3447,276,0,0
BRDA:3447,276,1,0
BRDA:3449,277,0,0
BRDA:3449,277,1,0
BRDA:3453,278,0,0
BRDA:3453,278,1,0
BRDA:3453,279,0,0
BRDA:3453,279,1,0
BRDA:3453,279,2,0
BRDA:3457,280,0,0
BRDA:3457,280,1,0
BRDA:3464,281,0,0
BRDA:3464,281,1,0
BRDA:3477,282,0,0
[...]
BRDA:3830,357,0,0
BRDA:3830,357,1,0
BRDA:3834,358,0,0
BRDA:3834,358,1,0
BRDA:3841,359,0,0
BRDA:3841,359,1,0
BRDA:3845,360,0,0
BRDA:3845,360,1,0
BRDA:3851,361,0,0
BRDA:3851,361,1,0
BRDA:3874,362,0,0
BRDA:3874,362,1,0
BRDA:3878,363,0,0
BRDA:3878,363,1,0
BRDA:3882,364,0,0
BRDA:3882,364,1,0
BRDA:3890,365,0,0
BRDA:3890,365,1,0
BRDA:3902,366,0,0
BRDA:3902,366,1,0
BRDA:3950,367,0,0
BRDA:3950,367,1,0
BRDA:3954,368,0,0
BRDA:3954,368,1,0
BRDA:3970,369,0,0
BRDA:3970,369,1,0
BRDA:3974,370,0,0
BRDA:3974,370,1,0
BRDA:4031,371,0,0
BRDA:4031,371,1,0
BRDA:4056,372,0,0
BRDA:4056,372,1,0
BRDA:4057,373,0,0
BRDA:4057,373,1,0
BRDA:4060,374,0,0
BRDA:4060,374,1,0
BRDA:4060,375,0,0
BRDA:4060,375,1,0
BRDA:4228,376,0,0
BRDA:4228,376,1,0
BRDA:4257,377,0,0
BRDA:4257,377,1,0
BRDA:4307,378,0,0
BRDA:4307,378,1,0
BRDA:4374,379,0,0
BRDA:4374,379,1,0
BRDA:4399,380,0,0
BRDA:4399,380,1,0
BRDA:4438,381,0,0
BRDA:4438,381,1,0
BRDA:4442,382,0,0
BRDA:4442,382,1,0
BRDA:4448,383,0,0
BRDA:4448,383,1,0
BRDA:4475,384,0,0
BRDA:4475,384,1,0
BRDA:4478,385,0,0
BRDA:4478,385,1,0
BRDA:4484,386,0,0
BRDA:4484,386,1,0
BRDA:4488,387,0,0
BRDA:4488,387,1,0
BRDA:4498,388,0,0
BRDA:4498,388,1,0
BRDA:4504,389,0,0
BRDA:4504,389,1,0
BRDA:4506,390,0,0
BRDA:4506,390,1,0
BRDA:4536,391,0,0
BRDA:4536,391,1,0
BRDA:4543,392,0,0
BRDA:4543,392,1,0
BRDA:4549,393,0,0
BRDA:4549,393,1,0
BRDA:4551,394,0,0
BRDA:4551,394,1,0
BRDA:4582,395,0,0
BRDA:4582,395,1,0
BRDA:4586,396,0,0
BRDA:4586,396,1,0
BRDA:4591,397,0,0
BRDA:4591,397,1,0
BRDA:4620,398,0,0
BRDA:4620,398,1,0
BRDA:4632,399,0,0
BRDA:4632,399,1,0
BRDA:4632,399,2,0
BRDA:4656,400,0,0
BRDA:4656,400,1,0
BRDA:4656,401,0,0
BRDA:4656,401,1,0
BRDA:4692,402,0,0
BRDA:4692,402,1,0
BRDA:4703,403,0,0
BRDA:4703,403,1,0
BRDA:4708,404,0,0
BRDA:4708,404,1,0
BRDA:4715,405,0,0
BRDA:4715,405,1,0
BRDA:4753,406,0,0
BRDA:4753,406,1,0
BRDA:4764,407,0,0
BRDA:4764,407,1,0
BRDA:4775,408,0,0
BRDA:4775,408,1,0
BRDA:4778,409,0,0
BRDA:4778,409,1,0
BRDA:4783,410,0,0
BRDA:4783,410,1,0
BRDA:4786,411,0,0
BRDA:4786,411,1,0
BRDA:4805,412,0,0
BRDA:4805,412,1,0
BRDA:4805,413,0,0
BRDA:4805,413,1,0
BRDA:4806,414,0,0
BRDA:4806,414,1,0
BRDA:4814,415,0,0
BRDA:4814,415,1,0
BRDA:4821,416,0,0
BRDA:4821,416,1,0
BRDA:4824,417,0,0
BRDA:4824,417,1,0
BRDA:4827,418,0,0
BRDA:4827,418,1,0
BRDA:4835,419,0,0
BRDA:4835,419,1,0
BRDA:4837,420,0,0
BRDA:4837,420,1,0
BRDA:4845,421,0,0
BRDA:4845,421,1,0
BRDA:4845,421,2,0
BRDA:4845,421,3,0
BRDA:4851,422,0,0
BRDA:4851,422,1,0
BRDA:4866,423,0,0
BRDA:4866,423,1,0
BRDA:4870,424,0,0
BRDA:4870,424,1,0
BRDA:4913,425,0,0
BRDA:4913,425,1,0
BRDA:4917,426,0,0
BRDA:4917,426,1,0
BRDA:4928,427,0,0
BRDA:4928,427,1,0
BRDA:4941,428,0,0
BRDA:4941,428,1,0
BRDA:4941,429,0,0
BRDA:4941,429,1,0
BRDA:4971,430,0,0
BRDA:4971,430,1,0
BRDA:4971,431,0,0
BRDA:4971,431,1,0
BRDA:4981,432,0,0
BRDA:4981,432,1,0
BRDA:4991,433,0,0
BRDA:4991,433,1,0
BRDA:5005,434,0,0
BRDA:5005,434,1,0
BRDA:5005,434,2,0
BRDA:5005,434,3,0
BRDA:5005,434,4,0
BRDA:5005,434,5,0
BRDA:5005,434,6,0
BRDA:5005,434,7,0
BRDA:5032,435,0,0
BRDA:5032,435,1,0
BRDA:5061,436,0,0
BRDA:5061,436,1,0
BRDA:5061,436,2,0
BRDA:5067,437,0,0
BRDA:5067,437,1,0
BRDA:5069,438,0,0
BRDA:5069,438,1,0
BRDA:5071,439,0,0
BRDA:5071,439,1,0
BRDA:5071,440,0,0
BRDA:5071,440,1,0
BRDA:5073,441,0,0
BRDA:5073,441,1,0
BRDA:5075,442,0,0
BRDA:5075,442,1,0
BRDA:5077,443,0,0
BRDA:5077,443,1,0
BRDA:5079,444,0,0
BRDA:5079,444,1,0
BRDA:5081,445,0,0
BRDA:5081,445,1,0
BRDA:5083,446,0,0
BRDA:5083,446,1,0
BRDA:5085,447,0,0
BRDA:5085,447,1,0
BRDA:5086,448,0,0
BRDA:5086,448,1,0
BRDA:5091,449,0,0
BRDA:5091,449,1,0
BRDA:5093,450,0,0
BRDA:5093,450,1,0
BRDA:5095,451,0,0
BRDA:5095,451,1,0
BRDA:5097,452,0,0
BRDA:5097,452,1,0
BRDA:5099,453,0,0
BRDA:5099,453,1,0
BRDA:5099,454,0,0
BRDA:5099,454,1,0
BRDA:5099,454,2,0
BRDA:5099,454,3,0
BRDA:5101,455,0,0
BRDA:5101,455,1,0
BRDA:5102,456,0,0
BRDA:5102,456,1,0
BRDA:5103,457,0,0
BRDA:5103,457,1,0
BRDA:5103,458,0,0
BRDA:5103,458,1,0
BRDA:5105,459,0,0
BRDA:5105,459,1,0
BRDA:5115,460,0,0
BRDA:5115,460,1,0
BRDA:5115,461,0,0
BRDA:5115,461,1,0
BRDA:5127,462,0,0
BRDA:5127,462,1,0
BRDA:5130,463,0,0
BRDA:5130,463,1,0
BRDA:5152,464,0,0
BRDA:5152,464,1,0
BRDA:5159,465,0,0
BRDA:5159,465,1,0
BRDA:5164,466,0,0
BRDA:5164,466,1,0
BRDA:5171,467,0,0
BRDA:5171,467,1,0
BRDA:5180,468,0,0
BRDA:5180,468,1,0
BRDA:5186,469,0,0
BRDA:5186,469,1,0
BRDA:5194,470,0,0
BRDA:5194,470,1,0
BRDA:5197,471,0,0
BRDA:5197,471,1,0
BRDA:5204,472,0,0
BRDA:5204,472,1,0
BRDA:5211,473,0,0
BRDA:5211,473,1,0
BRDA:5219,474,0,0
BRDA:5219,474,1,0
BRDA:5222,475,0,0
BRDA:5222,475,1,0
BRDA:5229,476,0,0
BRDA:5229,476,1,0
BRDA:5239,477,0,0
BRDA:5239,477,1,0
BRDA:5239,478,0,0
BRDA:5239,478,1,0
BRDA:5245,479,0,0
BRDA:5245,479,1,0
BRDA:5254,480,0,0
BRDA:5254,480,1,0
BRDA:5263,481,0,0
BRDA:5263,481,1,0
BRDA:5273,482,0,0
BRDA:5273,482,1,0
BRDA:5292,483,0,0
BRDA:5292,483,1,0
BRDA:5299,484,0,0
BRDA:5299,484,1,0
BRDA:5299,485,0,0
BRDA:5299,485,1,0
BRDA:5309,486,0,0
BRDA:5309,486,1,0
BRDA:5321,487,0,0
BRDA:5321,487,1,0
BRDA:5328,488,0,0
BRDA:5328,488,1,0
BRDA:5344,489,0,0
BRDA:5344,489,1,0
BRDA:5348,490,0,0
BRDA:5348,490,1,0
BRDA:5355,491,0,0
BRDA:5355,491,1,0
BRDA:5359,492,0,0
BRDA:5359,492,1,0
BRDA:5365,493,0,0
BRDA:5365,493,1,0
BRDA:5387,494,0,0
BRDA:5387,494,1,0
BRDA:5399,495,0,0
BRDA:5399,495,1,0
BRDA:5400,496,0,0
BRDA:5400,496,1,0
BRDA:5402,497,0,0
BRDA:5402,497,1,0
BRDA:5403,498,0,0
BRDA:5403,498,1,0
BRDA:5404,499,0,0
BRDA:5404,499,1,0
BRDA:5405,500,0,0
BRDA:5405,500,1,0
BRDA:5406,501,0,0
BRDA:5406,501,1,0
BRDA:5407,502,0,0
BRDA:5407,502,1,0
BRDA:5408,503,0,0
BRDA:5408,503,1,0
BRDA:5412,504,0,0
BRDA:5412,504,1,0
BRDA:5428,505,0,0
BRDA:5428,505,1,0
BRDA:5450,506,0,0
BRDA:5450,506,1,0
BRDA:5458,507,0,0
BRDA:5458,507,1,0
BRDA:5459,508,0,0
BRDA:5459,508,1,0
BRDA:5459,509,0,0
BRDA:5459,509,1,0
BRDA:5466,510,0,0
BRDA:5466,510,1,0
BRDA:5466,511,0,0
BRDA:5466,511,1,0
BRDA:5473,512,0,0
BRDA:5473,512,1,0
BRDA:5491,513,0,0
BRDA:5491,513,1,0
BRDA:5492,514,0,0
BRDA:5492,514,1,0
BRDA:5496,515,0,0
BRDA:5496,515,1,0
BRDA:5504,516,0,0
BRDA:5504,516,1,0
BRDA:5507,517,0,0
BRDA:5507,517,1,0
BRDA:5507,518,0,0
BRDA:5507,518,1,0
BRDA:5545,519,0,0
BRDA:5545,519,1,0
BRDA:5549,520,0,0
BRDA:5549,520,1,0
BRDA:5551,521,0,0
BRDA:5551,521,1,0
BRDA:5551,522,0,0
BRDA:5551,522,1,0
BRDA:5559,523,0,0
BRDA:5559,523,1,0
BRDA:5570,524,0,0
BRDA:5570,524,1,0
BRDA:5599,525,0,0
BRDA:5599,525,1,0
BRDA:5599,526,0,0
BRDA:5599,526,1,0
BRDA:5619,527,0,0
BRDA:5619,527,1,0
BRDA:5624,528,0,0
BRDA:5624,528,1,0
BRDA:5995,529,0,0
BRDA:5995,529,1,0
BRDA:6029,530,0,0
BRDA:6029,530,1,0
BRDA:6029,530,2,0
BRDA:6029,530,3,0
BRDA:6029,530,4,0
BRDA:6029,530,5,0
BRDA:6029,530,6,0
BRDA:6029,530,7,0
BRDA:6029,530,8,0
BRDA:6029,530,9,0
BRDA:6044,531,0,0
BRDA:6044,531,1,0
BRDA:6044,532,0,0
BRDA:6044,532,1,0
BRDA:6091,533,0,0
BRDA:6091,533,1,0
BRDA:6092,534,0,0
BRDA:6092,534,1,0
BRDA:6092,535,0,0
BRDA:6092,535,1,0
BRDA:6119,536,0,0
BRDA:6119,536,1,0
BRDA:6134,537,0,0
BRDA:6134,537,1,0
BRDA:6153,538,0,0
BRDA:6153,538,1,0
BRDA:6155,539,0,0
BRDA:6155,539,1,0
BRDA:6155,540,0,0
BRDA:6155,540,1,0
BRDA:6163,541,0,0
BRDA:6163,541,1,0
BRDA:6168,542,0,0
BRDA:6168,542,1,0
BRDA:6170,543,0,0
BRDA:6170,543,1,0
BRDA:6178,544,0,0
BRDA:6178,544,1,0
BRDA:6194,545,0,0
BRDA:6194,545,1,0
BRDA:6195,546,0,0
BRDA:6195,546,1,0
BRDA:6197,547,0,0
BRDA:6197,547,1,0
BRDA:6205,548,0,0
BRDA:6205,548,1,0
BRDA:6205,549,0,0
BRDA:6205,549,1,0
BRDA:6209,550,0,0
BRDA:6209,550,1,0
BRDA:6209,551,0,0
BRDA:6209,551,1,0
BRDA:6213,552,0,0
BRDA:6213,552,1,0
BRDA:6217,553,0,0
BRDA:6217,553,1,0
BRDA:6217,554,0,0
BRDA:6217,554,1,0
BRDA:6218,555,0,0
BRDA:6218,555,1,0
BRDA:6227,556,0,0
BRDA:6227,556,1,0
BRDA:6227,557,0,0
BRDA:6227,557,1,0
BRDA:6227,558,0,0
BRDA:6227,558,1,0
BRDA:6235,559,0,0
BRDA:6235,559,1,0
BRDA:6235,560,0,0
BRDA:6235,560,1,0
BRDA:6235,560,2,0
BRDA:6241,561,0,0
BRDA:6241,561,1,0
BRDA:6257,562,0,0
BRDA:6257,562,1,0
BRDA:6259,563,0,0
BRDA:6259,563,1,0
BRDA:6263,564,0,0
BRDA:6263,564,1,0
BRDA:6269,565,0,0
BRDA:6269,565,1,0
BRDA:6273,566,0,0
BRDA:6273,566,1,0
BRDA:6277,567,0,0
BRDA:6277,567,1,0
BRDA:6281,568,0,0
BRDA:6281,568,1,0
BRDA:6290,569,0,0
BRDA:6290,569,1,0
BRDA:6312,570,0,0
BRDA:6312,570,1,0
BRDA:6317,571,0,0
BRDA:6317,571,1,0
BRDA:6317,572,0,0
BRDA:6317,572,1,0
BRDA:6319,573,0,0
BRDA:6319,573,1,0
BRDA:6319,574,0,0
BRDA:6319,574,1,0
BRDA:6319,574,2,0
BRDA:6346,575,0,0
BRDA:6346,575,1,0
BRDA:6354,576,0,0
BRDA:6354,576,1,0
BRDA:6355,577,0,0
BRDA:6355,577,1,0
BRDA:6356,578,0,0
BRDA:6356,578,1,0
BRDA:6359,579,0,0
BRDA:6359,579,1,0
BRDA:6361,580,0,0
BRDA:6361,580,1,0
BRDA:6361,581,0,0
BRDA:6361,581,1,0
BRDA:6371,582,0,0
BRDA:6371,582,1,0
BRDA:6433,583,0,0
BRDA:6433,583,1,0
BRDA:6447,584,0,0
BRDA:6447,584,1,0
BRDA:6447,585,0,0
BRDA:6447,585,1,0
BRDA:6479,586,0,0
BRDA:6479,586,1,0
BRDA:6514,587,0,0
BRDA:6514,587,1,0
BRDA:6518,588,0,0
BRDA:6518,588,1,0
BRDA:6520,589,0,0
BRDA:6520,589,1,0
BRDA:6529,590,0,0
BRDA:6529,590,1,0
BRDA:6544,591,0,0
BRDA:6544,591,1,0
BRDA:6553,592,0,0
BRDA:6553,592,1,0
BRDA:6562,593,0,0
BRDA:6562,593,1,0
BRDA:6570,594,0,0
BRDA:6570,594,1,0
BRDA:6597,595,0,0
BRDA:6597,595,1,0
BRDA:6632,596,0,0
BRDA:6632,596,1,0
BRDA:6685,597,0,0
BRDA:6685,597,1,0
BRDA:6689,598,0,0
BRDA:6689,598,1,0
BRDA:6697,599,0,0
BRDA:6697,599,1,0
BRDA:6706,600,0,0
BRDA:6706,600,1,0
BRDA:6707,601,0,0
BRDA:6707,601,1,0
BRDA:6718,602,0,0
BRDA:6718,602,1,0
BRDA:6731,603,0,0
BRDA:6731,603,1,0
BRDA:6739,604,0,0
BRDA:6739,604,1,0
BRDA:6742,605,0,0
BRDA:6742,605,1,0
BRDA:6749,606,0,0
BRDA:6749,606,1,0
BRDA:6762,607,0,0
BRDA:6762,607,1,0
BRDA:6762,608,0,0
BRDA:6762,608,1,0
BRDA:6773,609,0,0
BRDA:6773,609,1,0
BRDA:6775,610,0,0
BRDA:6775,610,1,0
BRDA:6801,611,0,0
BRDA:6801,611,1,0
BRDA:6802,612,0,0
BRDA:6802,612,1,0
BRDA:6803,613,0,0
BRDA:6803,613,1,0
BRDA:6804,614,0,0
BRDA:6804,614,1,0
BRDA:6817,615,0,0
BRDA:6817,615,1,0
BRDA:6821,616,0,0
BRDA:6821,616,1,0
BRDA:6839,617,0,0
BRDA:6839,617,1,0
BRDA:6848,618,0,0
BRDA:6848,618,1,0
BRDA:6852,619,0,0
BRDA:6852,619,1,0
BRDA:6853,620,0,0
BRDA:6853,620,1,0
BRDA:6856,621,0,0
BRDA:6856,621,1,0
BRDA:6875,622,0,0
BRDA:6875,622,1,0
BRDA:6881,623,0,0
BRDA:6881,623,1,0
BRDA:6891,624,0,0
BRDA:6891,624,1,0
BRDA:6891,625,0,0
BRDA:6891,625,1,0
BRDA:6898,626,0,0
BRDA:6898,626,1,0
BRDA:6902,627,0,0
BRDA:6902,627,1,0
BRDA:6912,628,0,0
BRDA:6912,628,1,0
BRDA:6912,628,2,0
BRDA:6920,629,0,0
BRDA:6920,629,1,0
BRDA:6945,630,0,0
BRDA:6945,630,1,0
BRDA:6961,631,0,0
BRDA:6961,631,1,0
BRDA:7001,632,0,0
BRDA:7001,632,1,0
BRDA:7020,633,0,0
BRDA:7020,633,1,0
BRF:1325
BRH:0
end_of_record
TN:
SF:/Users/micosmin/Desktop/Makers/Projects/week6/makersbnb/spec/requestSpec.js
FN:1,(anonymous_0)
FN:6,(anonymous_1)
FN:12,(anonymous_2)
FN:16,(anonymous_3)
FN:20,(anonymous_4)
FN:24,(anonymous_5)
FN:35,(anonymous_6)
FN:36,(anonymous_7)
FNF:8
FNH:0
FNDA:0,(anonymous_0)
FNDA:0,(anonymous_1)
FNDA:0,(anonymous_2)
FNDA:0,(anonymous_3)
FNDA:0,(anonymous_4)
FNDA:0,(anonymous_5)
FNDA:0,(anonymous_6)
FNDA:0,(anonymous_7)
DA:1,0
DA:6,0
DA:7,0
DA:8,0
DA:9,0
DA:12,0
DA:13,0
DA:16,0
DA:17,0
DA:20,0
DA:21,0
DA:24,0
DA:25,0
DA:35,0
DA:36,0
DA:37,0
LF:16
LH:0
BRF:0
BRH:0
end_of_record
TN:
SF:/Users/micosmin/Desktop/Makers/Projects/week6/makersbnb/spec/userSpec.js
FN:2,(anonymous_0)
FN:6,(anonymous_1)
FN:10,(anonymous_2)
FNF:3
FNH:0
FNDA:0,(anonymous_0)
FNDA:0,(anonymous_1)
FNDA:0,(anonymous_2)
DA:2,0
DA:6,0
DA:7,0
DA:10,0
DA:12,0
LF:5
LH:0
BRF:0
BRH:0
end_of_record
TN:
SF:/Users/micosmin/Desktop/Makers/Projects/week6/makersbnb/spec/features/login.spec.js
FN:4,(anonymous_0)
FN:6,(anonymous_1)
FN:10,(anonymous_2)
FN:14,(anonymous_3)
FN:22,(anonymous_4)
FN:25,(anonymous_5)
FN:35,(anonymous_6)
FN:36,(anonymous_7)
FN:40,(anonymous_8)
FN:44,(anonymous_9)
FN:56,(anonymous_10)
FN:59,(anonymous_11)
FNF:12
FNH:0
FNDA:0,(anonymous_0)
FNDA:0,(anonymous_1)
FNDA:0,(anonymous_2)
FNDA:0,(anonymous_3)
FNDA:0,(anonymous_4)
FNDA:0,(anonymous_5)
FNDA:0,(anonymous_6)
FNDA:0,(anonymous_7)
FNDA:0,(anonymous_8)
FNDA:0,(anonymous_9)
FNDA:0,(anonymous_10)
FNDA:0,(anonymous_11)
DA:1,0
DA:2,0
DA:4,0
DA:5,0
DA:6,0
DA:7,0
DA:10,0
DA:11,0
DA:14,0
DA:15,0
DA:16,0
DA:17,0
DA:18,0
DA:22,0
DA:23,0
DA:25,0
DA:26,0
DA:27,0
DA:28,0
DA:29,0
DA:30,0
DA:32,0
DA:35,0
DA:36,0
DA:37,0
DA:40,0
DA:41,0
DA:44,0
DA:45,0
DA:47,0
DA:48,0
DA:49,0
DA:53,0
DA:56,0
DA:57,0
DA:59,0
DA:60,0
DA:61,0
DA:62,0
DA:66,0
LF:40
LH:0
BRF:0
BRH:0
end_of_record
TN:
SF:/Users/micosmin/Desktop/Makers/Projects/week6/makersbnb/spec/features/search.spec.js
FN:5,(anonymous_0)
FN:6,(anonymous_1)
FNF:2
FNH:0
FNDA:0,(anonymous_0)
FNDA:0,(anonymous_1)
DA:1,0
DA:2,0
DA:3,0
DA:5,0
DA:6,0
DA:8,0
DA:9,0
DA:10,0
DA:11,0
LF:9
LH:0
BRF:0
BRH:0
end_of_record
TN:
SF:/Users/micosmin/Desktop/Makers/Projects/week6/makersbnb/spec/features/signOut.spec.js
FN:4,(anonymous_0)
FN:5,(anonymous_1)
FN:9,(anonymous_2)
FN:13,(anonymous_3)
FN:16,(anonymous_4)
FN:23,(anonymous_5)
FNF:6
FNH:0
FNDA:0,(anonymous_0)
FNDA:0,(anonymous_1)
FNDA:0,(anonymous_2)
FNDA:0,(anonymous_3)
FNDA:0,(anonymous_4)
FNDA:0,(anonymous_5)
DA:1,0
DA:2,0
DA:4,0
DA:5,0
DA:6,0
DA:9,0
DA:10,0
DA:13,0
DA:14,0
DA:16,0
DA:17,0
DA:18,0
DA:19,0
DA:20,0
DA:21,0
DA:22,0
DA:23,0
DA:24,0
DA:26,0
LF:19
LH:0
BRF:0
BRH:0
end_of_record
TN:
SF:/Users/micosmin/Desktop/Makers/Projects/week6/makersbnb/spec/features/signUpPage.spec.js
FN:4,(anonymous_0)
FN:12,(anonymous_1)
FN:13,(anonymous_2)
FN:17,(anonymous_3)
FN:21,(anonymous_4)
FN:27,(anonymous_5)
FN:30,(anonymous_6)
FN:42,(anonymous_7)
FN:44,(anonymous_8)
FN:51,(anonymous_9)
FN:52,(anonymous_10)
FN:56,(anonymous_11)
FN:60,(anonymous_12)
FN:62,(anonymous_13)
FN:71,(anonymous_14)
FN:72,(anonymous_15)
FN:76,(anonymous_16)
FN:80,(anonymous_17)
FN:82,(anonymous_18)
FNF:19
FNH:0
FNDA:0,(anonymous_0)
FNDA:0,(anonymous_1)
FNDA:0,(anonymous_2)
FNDA:0,(anonymous_3)
FNDA:0,(anonymous_4)
FNDA:0,(anonymous_5)
FNDA:0,(anonymous_6)
FNDA:0,(anonymous_7)
FNDA:0,(anonymous_8)
FNDA:0,(anonymous_9)
FNDA:0,(anonymous_10)
FNDA:0,(anonymous_11)
FNDA:0,(anonymous_12)
FNDA:0,(anonymous_13)
FNDA:0,(anonymous_14)
FNDA:0,(anonymous_15)
FNDA:0,(anonymous_16)
FNDA:0,(anonymous_17)
FNDA:0,(anonymous_18)
DA:1,0
DA:2,0
DA:4,0
DA:5,0
DA:6,0
DA:7,0
DA:8,0
DA:9,0
DA:12,0
DA:13,0
DA:14,0
DA:17,0
DA:18,0
DA:21,0
DA:22,0
DA:23,0
DA:24,0
DA:27,0
DA:28,0
DA:30,0
DA:31,0
DA:32,0
DA:33,0
DA:34,0
DA:35,0
DA:36,0
DA:37,0
DA:38,0
DA:42,0
DA:43,0
DA:44,0
DA:45,0
DA:46,0
DA:47,0
DA:51,0
DA:52,0
DA:53,0
DA:56,0
DA:57,0
DA:60,0
DA:61,0
DA:62,0
DA:63,0
DA:64,0
DA:65,0
DA:66,0
DA:71,0
DA:72,0
DA:73,0
DA:76,0
DA:77,0
DA:80,0
DA:81,0
DA:82,0
DA:83,0
DA:84,0
DA:85,0
DA:86,0
DA:87,0
DA:88,0
DA:92,0
LF:61
LH:0
BRF:0
BRH:0
end_of_record
TN:
SF:/Users/micosmin/Desktop/Makers/Projects/week6/makersbnb/spec/oldNightWatchTests/loginSpec.js
FN:2,(anonymous_0)
FNF:1
FNH:0
FNDA:0,(anonymous_0)
DA:1,0
DA:3,0
LF:2
LH:0
BRF:0
BRH:0
end_of_record
TN:
SF:/Users/micosmin/Desktop/Makers/Projects/week6/makersbnb/spec/oldNightWatchTests/makeRequestInterfaceSpec.js
FN:2,(anonymous_0)
FNF:1
FNH:0
FNDA:0,(anonymous_0)
DA:1,0
DA:3,0
LF:2
LH:0
BRF:0
BRH:0
end_of_record
TN:
SF:/Users/micosmin/Desktop/Makers/Projects/week6/makersbnb/spec/oldNightWatchTests/signoutSpec.js
FN:2,(anonymous_0)
FNF:1
FNH:0
FNDA:0,(anonymous_0)
DA:1,0
DA:3,0
LF:2
LH:0
BRF:0
BRH:0
end_of_record
TN:
SF:/Users/micosmin/Desktop/Makers/Projects/week6/makersbnb/spec/oldNightWatchTests/signupSpec.js
FN:2,(anonymous_0)
FNF:1
FNH:0
FNDA:0,(anonymous_0)
DA:1,0
DA:3,0
LF:2
LH:0
BRF:0
BRH:0
end_of_record
TN:
SF:/Users/micosmin/Desktop/Makers/Projects/week6/makersbnb/spec/units/listingSpec.js
FN:1,(anonymous_0)
FN:4,(anonymous_1)
FN:14,(anonymous_2)
FN:18,(anonymous_3)
FN:23,(anonymous_4)
FN:28,(anonymous_5)
FN:33,(anonymous_6)
FN:37,(anonymous_7)
FNF:8
FNH:0
FNDA:0,(anonymous_0)
FNDA:0,(anonymous_1)
FNDA:0,(anonymous_2)
FNDA:0,(anonymous_3)
FNDA:0,(anonymous_4)
FNDA:0,(anonymous_5)
FNDA:0,(anonymous_6)
FNDA:0,(anonymous_7)
DA:1,0
DA:4,0
DA:5,0
DA:14,0
DA:15,0
DA:18,0
DA:19,0
DA:20,0
DA:23,0
DA:24,0
DA:25,0
DA:28,0
DA:29,0
DA:30,0
DA:33,0
DA:34,0
DA:37,0
DA:38,0
DA:39,0
LF:19
LH:0
BRF:0
BRH:0
end_of_record
TN:
SF:/Users/micosmin/Desktop/Makers/Projects/week6/makersbnb/src/filterInterface.js
FN:1,(anonymous_0)
FN:6,(anonymous_1)
FN:12,(anonymous_2)
FN:21,(anonymous_3)
FNF:4
FNH:0
FNDA:0,(anonymous_0)
FNDA:0,(anonymous_1)
FNDA:0,(anonymous_2)
FNDA:0,(anonymous_3)
DA:1,0
DA:2,0
DA:7,0
DA:8,0
DA:12,0
DA:13,0
DA:14,0
DA:15,0
DA:22,0
LF:9
LH:0
BRF:0
BRH:0
end_of_record
TN:
SF:/Users/micosmin/Desktop/Makers/Projects/week6/makersbnb/src/indexInterface.js
FN:1,(anonymous_0)
FN:3,(anonymous_1)
FNF:2
FNH:0
FNDA:0,(anonymous_0)
FNDA:0,(anonymous_1)
DA:1,0
DA:2,0
DA:3,0
DA:4,0
LF:4
LH:0
BRF:0
BRH:0
end_of_record
TN:
SF:/Users/micosmin/Desktop/Makers/Projects/week6/makersbnb/src/listing.js
FN:1,Listing
FN:9,(anonymous_1)
FN:29,(anonymous_2)
FN:33,(anonymous_3)
FN:37,(anonymous_4)
FN:41,(anonymous_5)
FN:45,(anonymous_6)
FN:49,(anonymous_7)
FN:53,(anonymous_8)
FN:57,(anonymous_9)
FNF:10
FNH:0
FNDA:0,Listing
FNDA:0,(anonymous_1)
FNDA:0,(anonymous_2)
FNDA:0,(anonymous_3)
FNDA:0,(anonymous_4)
FNDA:0,(anonymous_5)
FNDA:0,(anonymous_6)
FNDA:0,(anonymous_7)
FNDA:0,(anonymous_8)
FNDA:0,(anonymous_9)
DA:2,0
DA:3,0
DA:4,0
DA:5,0
DA:6,0
DA:9,0
DA:10,0
DA:11,0
DA:12,0
DA:13,0
DA:14,0
DA:15,0
DA:16,0
DA:18,0
DA:29,0
DA:30,0
DA:33,0
DA:34,0
DA:37,0
DA:38,0
DA:41,0
DA:42,0
DA:45,0
DA:46,0
DA:49,0
DA:50,0
DA:53,0
DA:54,0
DA:57,0
DA:58,0
LF:30
LH:0
BRF:0
BRH:0
end_of_record
TN:
SF:/Users/micosmin/Desktop/Makers/Projects/week6/makersbnb/src/listingInterface.js
FN:1,(anonymous_0)
FN:4,(anonymous_1)
FN:25,(anonymous_2)
FNF:3
FNH:0
FNDA:0,(anonymous_0)
FNDA:0,(anonymous_1)
FNDA:0,(anonymous_2)
DA:1,0
DA:2,0
DA:4,0
DA:5,0
DA:6,0
DA:7,0
DA:8,0
DA:9,0
DA:10,0
DA:11,0
DA:13,0
DA:23,0
DA:25,0
DA:26,0
LF:14
LH:0
BRF:0
BRH:0
end_of_record
TN:
SF:/Users/micosmin/Desktop/Makers/Projects/week6/makersbnb/src/loginInterface.js
FN:1,(anonymous_0)
FN:2,(anonymous_1)
FN:8,(anonymous_2)
FN:15,checkUserInput
FN:34,(anonymous_4)
FN:40,isEmail
FNF:6
FNH:0
FNDA:0,(anonymous_0)
FNDA:0,(anonymous_1)
FNDA:0,(anonymous_2)
FNDA:0,checkUserInput
FNDA:0,(anonymous_4)
FNDA:0,isEmail
DA:1,0
DA:2,0
DA:3,0
DA:4,0
DA:5,0
DA:8,0
DA:9,0
DA:10,0
DA:11,0
DA:16,0
DA:17,0
DA:20,0
DA:21,0
DA:22,0
DA:25,0
DA:28,0
DA:35,0
DA:41,0
DA:42,0
LF:19
LH:0
BRDA:16,0,0,0
BRDA:16,0,1,0
BRDA:16,1,0,0
BRDA:16,1,1,0
BRDA:21,2,0,0
BRDA:21,2,1,0
BRF:6
BRH:0
end_of_record
TN:
SF:/Users/micosmin/Desktop/Makers/Projects/week6/makersbnb/src/makeRequestInterface.js
FN:1,(anonymous_0)
FN:2,(anonymous_1)
FN:6,(anonymous_2)
FNF:3
FNH:0
FNDA:0,(anonymous_0)
FNDA:0,(anonymous_1)
FNDA:0,(anonymous_2)
DA:1,0
DA:2,0
DA:3,0
DA:4,0
DA:5,0
DA:6,0
DA:7,0
LF:7
LH:0
BRF:0
BRH:0
end_of_record
TN:
SF:/Users/micosmin/Desktop/Makers/Projects/week6/makersbnb/src/request.js
FN:3,Request
FN:10,(anonymous_1)
FNF:2
FNH:0
FNDA:0,Request
FNDA:0,(anonymous_1)
DA:4,0
DA:5,0
DA:6,0
DA:7,0
DA:10,0
DA:11,0
LF:6
LH:0
BRF:0
BRH:0
end_of_record
TN:
SF:/Users/micosmin/Desktop/Makers/Projects/week6/makersbnb/src/signoutInterface.js
FN:1,(anonymous_0)
FN:2,(anonymous_1)
FN:3,(anonymous_2)
FN:8,(anonymous_3)
FN:9,(anonymous_4)
FNF:5
FNH:0
FNDA:0,(anonymous_0)
FNDA:0,(anonymous_1)
FNDA:0,(anonymous_2)
FNDA:0,(anonymous_3)
FNDA:0,(anonymous_4)
DA:1,0
DA:2,0
DA:3,0
DA:4,0
DA:8,0
DA:9,0
DA:10,0
LF:7
LH:0
BRF:0
BRH:0
end_of_record
TN:
SF:/Users/micosmin/Desktop/Makers/Projects/week6/makersbnb/src/signupInterface.js
FN:1,(anonymous_0)
FN:4,(anonymous_1)
FN:16,checkUserFields
FN:35,(anonymous_3)
FN:40,isEmail
FNF:5
FNH:0
FNDA:0,(anonymous_0)
FNDA:0,(anonymous_1)
FNDA:0,checkUserFields
FNDA:0,(anonymous_3)
FNDA:0,isEmail
DA:1,0
DA:2,0
DA:4,0
DA:5,0
DA:6,0
DA:7,0
DA:8,0
DA:10,0
DA:12,0
DA:17,0
DA:18,0
DA:19,0
DA:20,0
DA:23,0
DA:28,0
DA:29,0
DA:32,0
DA:35,0
DA:36,0
DA:41,0
DA:42,0
LF:21
LH:0
BRDA:18,0,0,0
BRDA:18,0,1,0
BRDA:19,1,0,0
BRDA:19,1,1,0
BRDA:28,2,0,0
BRDA:28,2,1,0
BRF:6
BRH:0
end_of_record
TN:
SF:/Users/micosmin/Desktop/Makers/Projects/week6/makersbnb/src/user.js
FN:1,(anonymous_0)
FN:3,(anonymous_1)
FNF:2
FNH:0
FNDA:0,(anonymous_0)
FNDA:0,(anonymous_1)
DA:1,0
DA:3,0
DA:4,0
DA:5,0
DA:6,0
DA:7,0
DA:9,0
LF:7
LH:0
BRF:0
BRH:0
end_of_record
